IQ-TREE multicore version 1.6.12 for Linux 64-bit built Aug 15 2019
Developed by Bui Quang Minh, Nguyen Lam Tung, Olga Chernomor,
Heiko Schmidt, Dominik Schrempf, Michael Woodhams.

Host:    LauraDesktop (AVX2, FMA3, 23 GB RAM)
Command: iqtree -s data/alignments_trimmed/combi-I-to-VIII-Azfi-Arabidopsis_sequences_linear_aligned-mafft-einsi_trim-gt6.fasta -m LG+F+R5 -bb 2000 -alrt 2000 -nt AUTO -ntmax 4 -pre analyses/combi-I-to-VIII-Azfi-Arabidopsis_sequences_linear_trees/aligned-mafft-einsi_trim-gt6/combi-I-to-VIII-Azfi-Arabidopsis_sequences_linear_aligned-mafft-einsi_trim-gt6_iqtree-bb2000-alrt2000
Seed:    724924 (Using SPRNG - Scalable Parallel Random Number Generator)
Time:    Thu Aug  6 13:12:28 2020
Kernel:  AVX+FMA - auto-detect threads (4 CPU cores detected)

Reading alignment file data/alignments_trimmed/combi-I-to-VIII-Azfi-Arabidopsis_sequences_linear_aligned-mafft-einsi_trim-gt6.fasta ... Fasta format detected
Alignment most likely contains protein sequences
Alignment has 72 sequences with 256 columns, 254 distinct patterns
236 parsimony-informative, 6 singleton sites, 14 constant sites
WARNING: Some sequence names are changed as follows:
CDC5_XM_002981114.2_XP_002981160.1_cell_division_cycle_5-like_protein_[Selaginella_moellendorffii] -> CDC5_XM_002981114.2_XP_002981160.1_cell_division_cycle_5-like_protein__Selaginella_moellendorffii_
CDC5_Mapoly0014s0195_PTQ45693.1_hypothetical_protein_MARPO_0014s0195_[Marchantia_polymorpha] -> CDC5_Mapoly0014s0195_PTQ45693.1_hypothetical_protein_MARPO_0014s0195__Marchantia_polymorpha_
I_Mapoly0085s0092_PTQ33890.1_hypothetical_protein_MARPO_0085s0092_[Marchantia_polymorpha] -> I_Mapoly0085s0092_PTQ33890.1_hypothetical_protein_MARPO_0085s0092__Marchantia_polymorpha_
II_Mapoly0001s0061_PTQ49997.1_hypothetical_protein_MARPO_0001s0061_[Marchantia_polymorpha] -> II_Mapoly0001s0061_PTQ49997.1_hypothetical_protein_MARPO_0001s0061__Marchantia_polymorpha_
III_XM_002991980.2_XP_002992026.2_myb-related_protein_B_[Selaginella_moellendorffii] -> III_XM_002991980.2_XP_002992026.2_myb-related_protein_B__Selaginella_moellendorffii_
III_Mapoly0007s0271_PTQ47916.1_hypothetical_protein_MARPO_0007s0271_[Marchantia_polymorpha] -> III_Mapoly0007s0271_PTQ47916.1_hypothetical_protein_MARPO_0007s0271__Marchantia_polymorpha_
III_XM_002971992.2_XP_002972038.2_transcription_factor_MYB1_[Selaginella_moellendorffii] -> III_XM_002971992.2_XP_002972038.2_transcription_factor_MYB1__Selaginella_moellendorffii_
IV_MN199005_QIN53281.1_R2R3-MYB_transcription_factor_[Selaginella_moellendorffii] -> IV_MN199005_QIN53281.1_R2R3-MYB_transcription_factor__Selaginella_moellendorffii_
IV_MN199007_QIN53283.1_R2R3-MYB_transcription_factor_[Selaginella_moellendorffii] -> IV_MN199007_QIN53283.1_R2R3-MYB_transcription_factor__Selaginella_moellendorffii_
IV_MN199006_QIN53282.1_R2R3-MYB_transcription_factor_[Selaginella_moellendorffii] -> IV_MN199006_QIN53282.1_R2R3-MYB_transcription_factor__Selaginella_moellendorffii_
IV_Mapoly0032s0153_PTQ41991.1_hypothetical_protein_MARPO_0032s0153_[Marchantia_polymorpha] -> IV_Mapoly0032s0153_PTQ41991.1_hypothetical_protein_MARPO_0032s0153__Marchantia_polymorpha_
V_Mapoly0008s0029_PTQ47242.1_hypothetical_protein_MARPO_0008s0029_[Marchantia_polymorpha] -> V_Mapoly0008s0029_PTQ47242.1_hypothetical_protein_MARPO_0008s0029__Marchantia_polymorpha_
V_XM_002977602.2_XP_002977648.2_uncharacterized_protein_LOC9657152_[Selaginella_moellendorffii] -> V_XM_002977602.2_XP_002977648.2_uncharacterized_protein_LOC9657152__Selaginella_moellendorffii_
V_MN199008_QIN53284.1_R2R3-MYB_transcription_factor_[Selaginella_moellendorffii] -> V_MN199008_QIN53284.1_R2R3-MYB_transcription_factor__Selaginella_moellendorffii_
V_MN199009_QIN53285.1_R2R3-MYB_transcription_factor_[Selaginella_moellendorffii] -> V_MN199009_QIN53285.1_R2R3-MYB_transcription_factor__Selaginella_moellendorffii_
V_MN199010_QIN53286.1_R2R3-MYB_transcription_factor_[Selaginella_moellendorffii] -> V_MN199010_QIN53286.1_R2R3-MYB_transcription_factor__Selaginella_moellendorffii_
VI_XM_024688730.1_>XP_024544498.1 -> VI_XM_024688730.1__XP_024544498.1
VI_XM_024688389.1_XP_024524157.1_transcription_repressor_MYB4_[Selaginella_moellendorffii] -> VI_XM_024688389.1_XP_024524157.1_transcription_repressor_MYB4__Selaginella_moellendorffii_
VI_Sacu_v1.1_s1503.g028048_Myb_transcription_factor_[0.077] -> VI_Sacu_v1.1_s1503.g028048_Myb_transcription_factor__0.077_
VI_Sacu_v1.1_s0147.g023157_Myb_transcription_factor_[0.077] -> VI_Sacu_v1.1_s0147.g023157_Myb_transcription_factor__0.077_
VI_MA_130648p0010[437_residues]_ -> VI_MA_130648p0010_437_residues__
VI_AmTr_v1.0_scaffold00111.43_locus=evm_27.TU.AmTr_v1.0_scaffold00111.43 -> VI_AmTr_v1.0_scaffold00111.43_locus_evm_27.TU.AmTr_v1.0_scaffold00111.43
VII_ENA|MN199011|MN199011.1_Selaginella_moellendorffii -> VII_ENA_MN199011_MN199011.1_Selaginella_moellendorffii
VII_Sacu_v1.1_s0002.g001222_Myb_transcription_factor_[0.077] -> VII_Sacu_v1.1_s0002.g001222_Myb_transcription_factor__0.077_
VII_Sacu_v1.1_s0041.g012546_Myb_transcription_factor_[0.077] -> VII_Sacu_v1.1_s0041.g012546_Myb_transcription_factor__0.077_
VII_Sacu_v1.1_s0272.g027033_Myb_transcription_factor_[0.077] -> VII_Sacu_v1.1_s0272.g027033_Myb_transcription_factor__0.077_
VII_MA_96853p0010[582_residues]_ -> VII_MA_96853p0010_582_residues__
VII_MA_10208000p0010[602_residues]_ -> VII_MA_10208000p0010_602_residues__
VII_MA_20462p0010[470_residues]_ -> VII_MA_20462p0010_470_residues__
VIII_MN199016_QIN53292.1_R2R3-MYB_transcription_factor_[Selaginella_moellendorffii] -> VIII_MN199016_QIN53292.1_R2R3-MYB_transcription_factor__Selaginella_moellendorffii_
VIII_XM_024668296.1_XP_024524064.1_transcription_factor_MYB26_[Selaginella_moellendorffii] -> VIII_XM_024668296.1_XP_024524064.1_transcription_factor_MYB26__Selaginella_moellendorffii_
VIII_Mapoly0073s0038_PTQ35164.1_hypothetical_protein_MARPO_0073s0038_[Marchantia_polymorpha] -> VIII_Mapoly0073s0038_PTQ35164.1_hypothetical_protein_MARPO_0073s0038__Marchantia_polymorpha_
VIII_Mapoly0006s0226_PTQ48220.1_hypothetical_protein_MARPO_0006s0226_[Marchantia_polymorpha] -> VIII_Mapoly0006s0226_PTQ48220.1_hypothetical_protein_MARPO_0006s0226__Marchantia_polymorpha_
VIII_XM_024680104.1_XP_024535872.1_transcription_factor_MYB8-like_[Selaginella_moellendorffii] -> VIII_XM_024680104.1_XP_024535872.1_transcription_factor_MYB8-like__Selaginella_moellendorffii_
VIII_MN199020_QIN53296.1_R2R3-MYB_transcription_factor_[Selaginella_moellendorffii] -> VIII_MN199020_QIN53296.1_R2R3-MYB_transcription_factor__Selaginella_moellendorffii_
R1R2R3_MN199004_QIN53280.1_R1R2R3-MYB_protein_[Selaginella_moellendorffii] -> R1R2R3_MN199004_QIN53280.1_R1R2R3-MYB_protein__Selaginella_moellendorffii_
R1R2R3_Mapoly0036s0107_PTQ41127.1_hypothetical_protein_MARPO_0036s0107_[Marchantia_polymorpha] -> R1R2R3_Mapoly0036s0107_PTQ41127.1_hypothetical_protein_MARPO_0036s0107__Marchantia_polymorpha_
R1R2R3_Mapoly0150s0001_PTQ28976.1_hypothetical_protein_MARPO_0150s0001_[Marchantia_polymorpha] -> R1R2R3_Mapoly0150s0001_PTQ28976.1_hypothetical_protein_MARPO_0150s0001__Marchantia_polymorpha_
II_sp|Q9S7L2|MYB98_ARATH_Transcription_factor_MYB98_OS=Arabidopsis_thaliana_OX=3702_GN=MYB98_PE=2_SV=1 -> II_sp_Q9S7L2_MYB98_ARATH_Transcription_factor_MYB98_OS_Arabidopsis_thaliana_OX_3702_GN_MYB98_PE_2_SV_1
II_tr|A0A178UF86|A0A178UF86_ARATH_MYB119_OS=Arabidopsis_thaliana_OX=3702_GN=AXX17_At5g58240_PE=4_SV=1 -> II_tr_A0A178UF86_A0A178UF86_ARATH_MYB119_OS_Arabidopsis_thaliana_OX_3702_GN_AXX17_At5g58240_PE_4_SV_1
II_sp|Q9LVW4|MY118_ARATH_Transcription_factor_MYB118_OS=Arabidopsis_thaliana_OX=3702_GN=MYB118_PE=2_SV=1 -> II_sp_Q9LVW4_MY118_ARATH_Transcription_factor_MYB118_OS_Arabidopsis_thaliana_OX_3702_GN_MYB118_PE_2_SV_1
III_sp|Q42575|MYB1_ARATH_Transcription_factor_MYB1_OS=Arabidopsis_thaliana_OX=3702_GN=MYB1_PE=2_SV=1 -> III_sp_Q42575_MYB1_ARATH_Transcription_factor_MYB1_OS_Arabidopsis_thaliana_OX_3702_GN_MYB1_PE_2_SV_1
IV_sp|Q9SN12|MYB77_ARATH_Transcription_factor_MYB77_OS=Arabidopsis_thaliana_OX=3702_GN=MYB77_PE=1_SV=1 -> IV_sp_Q9SN12_MYB77_ARATH_Transcription_factor_MYB77_OS_Arabidopsis_thaliana_OX_3702_GN_MYB77_PE_1_SV_1
IV_sp|O23160|MYB73_ARATH_Transcription_factor_MYB73_OS=Arabidopsis_thaliana_OX=3702_GN=MYB73_PE=1_SV=1 -> IV_sp_O23160_MYB73_ARATH_Transcription_factor_MYB73_OS_Arabidopsis_thaliana_OX_3702_GN_MYB73_PE_1_SV_1
V_sp|Q6R0C4|MYB52_ARATH_Transcription_factor_MYB52_OS=Arabidopsis_thaliana_OX=3702_GN=MYB52_PE=2_SV=1 -> V_sp_Q6R0C4_MYB52_ARATH_Transcription_factor_MYB52_OS_Arabidopsis_thaliana_OX_3702_GN_MYB52_PE_2_SV_1
V_sp|Q6R053|MYB56_ARATH_Transcription_factor_MYB56_OS=Arabidopsis_thaliana_OX=3702_GN=MYB56_PE=1_SV=1 -> V_sp_Q6R053_MYB56_ARATH_Transcription_factor_MYB56_OS_Arabidopsis_thaliana_OX_3702_GN_MYB56_PE_1_SV_1
V_sp|Q9SEZ4|MY105_ARATH_Transcription_factor_MYB105_OS=Arabidopsis_thaliana_OX=3702_GN=MYB105_PE=1_SV=1 -> V_sp_Q9SEZ4_MY105_ARATH_Transcription_factor_MYB105_OS_Arabidopsis_thaliana_OX_3702_GN_MYB105_PE_1_SV_1
VI_sp|A0A178VEK7|DUO1_ARATH_Transcription_factor_DUO1_OS=Arabidopsis_thaliana_OX=3702_GN=DUO1/AtMYB125_PE=1_SV=1 -> VI_sp_A0A178VEK7_DUO1_ARATH_Transcription_factor_DUO1_OS_Arabidopsis_thaliana_OX_3702_GN_DUO1_AtMYB125_PE_1_SV_1
VII_sp|O80883|MB101_ARATH_Transcription_factor_MYB101_OS=Arabidopsis_thaliana_OX=3702_GN=MYB101_PE=2_SV=1 -> VII_sp_O80883_MB101_ARATH_Transcription_factor_MYB101_OS_Arabidopsis_thaliana_OX_3702_GN_MYB101_PE_2_SV_1
VII_tr|Q9SLH1|Q9SLH1_ARATH_Myb_domain_protein_81_OS=Arabidopsis_thaliana_OX=3702_GN=MYB81_PE=1_SV=1 -> VII_tr_Q9SLH1_Q9SLH1_ARATH_Myb_domain_protein_81_OS_Arabidopsis_thaliana_OX_3702_GN_MYB81_PE_1_SV_1
VII_sp|Q8W1W6|MYB33_ARATH_Transcription_factor_MYB33_OS=Arabidopsis_thaliana_OX=3702_GN=MYB33_PE=2_SV=1 -> VII_sp_Q8W1W6_MYB33_ARATH_Transcription_factor_MYB33_OS_Arabidopsis_thaliana_OX_3702_GN_MYB33_PE_2_SV_1
VIII_tr|F4K6R6|F4K6R6_ARATH_Myb_domain_protein_40_OS=Arabidopsis_thaliana_OX=3702_GN=MYB40_PE=4_SV=1 -> VIII_tr_F4K6R6_F4K6R6_ARATH_Myb_domain_protein_40_OS_Arabidopsis_thaliana_OX_3702_GN_MYB40_PE_4_SV_1
VIII_sp|Q8GYP5|MYB60_ARATH_Transcription_factor_MYB60_OS=Arabidopsis_thaliana_OX=3702_GN=MYB60_PE=1_SV=1 -> VIII_sp_Q8GYP5_MYB60_ARATH_Transcription_factor_MYB60_OS_Arabidopsis_thaliana_OX_3702_GN_MYB60_PE_1_SV_1
Azfi_s0004.g008455_Myb_transcription_factor_[0.077] -> Azfi_s0004.g008455_Myb_transcription_factor__0.077_
Azfi_s0021.g015882_Myb_transcription_factor_[0.077] -> Azfi_s0021.g015882_Myb_transcription_factor__0.077_
Azfi_s0113.g045874_Myb_transcription_factor_[0.077] -> Azfi_s0113.g045874_Myb_transcription_factor__0.077_
Azfi_s0014.g013539_Myb_domain_protein_105_[0.161] -> Azfi_s0014.g013539_Myb_domain_protein_105__0.161_

                                                                                                                  Gap/Ambiguity  Composition  p-value
   1  CDC5_XM_024686040.1_XP_024541808.1_cell_division_cycle_5-like_protein                                              11.33%    passed      7.37%
   2  CDC5_XM_002981114.2_XP_002981160.1_cell_division_cycle_5-like_protein__Selaginella_moellendorffii_                  3.52%    passed      6.50%
   3  CDC5_Mapoly0014s0195_PTQ45693.1_hypothetical_protein_MARPO_0014s0195__Marchantia_polymorpha_                        3.52%    failed      0.66%
   4  I_Mapoly0085s0092_PTQ33890.1_hypothetical_protein_MARPO_0085s0092__Marchantia_polymorpha_                          38.67%    passed     97.85%
   5  II_Mapoly0001s0061_PTQ49997.1_hypothetical_protein_MARPO_0001s0061__Marchantia_polymorpha_                          2.34%    passed     86.62%
   6  III_XM_002991980.2_XP_002992026.2_myb-related_protein_B__Selaginella_moellendorffii_                                8.59%    passed     92.34%
   7  III_Mapoly0007s0271_PTQ47916.1_hypothetical_protein_MARPO_0007s0271__Marchantia_polymorpha_                         0.78%    passed     33.46%
   8  III_XM_002971992.2_XP_002972038.2_transcription_factor_MYB1__Selaginella_moellendorffii_                           10.55%    failed      2.41%
   9  IV_MN199005_QIN53281.1_R2R3-MYB_transcription_factor__Selaginella_moellendorffii_                                  12.11%    passed     26.92%
  10  IV_MN199007_QIN53283.1_R2R3-MYB_transcription_factor__Selaginella_moellendorffii_                                   2.73%    passed     17.62%
  11  IV_MN199006_QIN53282.1_R2R3-MYB_transcription_factor__Selaginella_moellendorffii_                                  10.55%    passed     67.34%
  12  IV_Mapoly0032s0153_PTQ41991.1_hypothetical_protein_MARPO_0032s0153__Marchantia_polymorpha_                          0.00%    passed     41.88%
  13  V_Mapoly0008s0029_PTQ47242.1_hypothetical_protein_MARPO_0008s0029__Marchantia_polymorpha_                           0.78%    passed      7.13%
  14  V_XM_002977602.2_XP_002977648.2_uncharacterized_protein_LOC9657152__Selaginella_moellendorffii_                    12.50%    passed     31.58%
  15  V_MN199008_QIN53284.1_R2R3-MYB_transcription_factor__Selaginella_moellendorffii_                                    8.20%    passed     29.96%
  16  V_MN199009_QIN53285.1_R2R3-MYB_transcription_factor__Selaginella_moellendorffii_                                    6.64%    passed     50.94%
  17  V_MN199010_QIN53286.1_R2R3-MYB_transcription_factor__Selaginella_moellendorffii_                                    7.42%    passed     74.04%
  18  VI_g8575.t1_length                                                                                                  0.00%    failed      0.40%
  19  VI_BBG43567_LC221833_MYB_transcription_factor                                                                      46.09%    passed     48.31%
  20  BBG43566_LC221832_Chara_leptospora_mRNA_for_MYB_transcription_factor                                               52.73%    passed     61.51%
  21  VI_Mapoly0019s0071.1                                                                                               16.80%    passed     34.50%
  22  VI_XM_024688730.1__XP_024544498.1                                                                                  19.14%    passed      6.76%
  23  VI_XM_024688389.1_XP_024524157.1_transcription_repressor_MYB4__Selaginella_moellendorffii_                         16.80%    passed     37.38%
  24  VI_Sacu_v1.1_s1503.g028048_Myb_transcription_factor__0.077_                                                        44.92%    passed     44.48%
  25  VI_Sacu_v1.1_s0147.g023157_Myb_transcription_factor__0.077_                                                        51.95%    passed     68.29%
  26  VI_MA_130648p0010_437_residues__                                                                                   14.45%    passed     13.81%
  27  VI_AmTr_v1.0_scaffold00111.43_locus_evm_27.TU.AmTr_v1.0_scaffold00111.43                                           23.05%    passed     14.57%
  28  VII_HAOX-0009745                                                                                                   48.44%    passed     40.23%
  29  VII_Mp3g05910.1                                                                                                     3.52%    passed     92.44%
  30  VII_ENA_MN199011_MN199011.1_Selaginella_moellendorffii                                                             12.89%    passed     25.42%
  31  VII_Sacu_v1.1_s0002.g001222_Myb_transcription_factor__0.077_                                                        3.52%    passed     67.17%
  32  VII_Sacu_v1.1_s0041.g012546_Myb_transcription_factor__0.077_                                                        4.30%    passed     82.20%
  33  VII_Sacu_v1.1_s0272.g027033_Myb_transcription_factor__0.077_                                                        4.69%    passed     70.68%
  34  VII_MA_96853p0010_582_residues__                                                                                    3.91%    passed     98.93%
  35  VII_MA_10208000p0010_602_residues__                                                                                 3.52%    passed     50.84%
  36  VII_MA_20462p0010_470_residues__                                                                                   10.55%    passed     97.79%
  37  VII_AmTr_v1.0_scaffold00038.91                                                                                      5.08%    passed     66.07%
  38  VII_AmTr_v1.0_scaffold00037.85                                                                                      3.12%    passed     57.92%
  39  VIII_MN199016_QIN53292.1_R2R3-MYB_transcription_factor__Selaginella_moellendorffii_                                12.11%    passed      5.85%
  40  VIII_XM_024668296.1_XP_024524064.1_transcription_factor_MYB26__Selaginella_moellendorffii_                          1.95%    passed     19.41%
  41  VIII_Mapoly0073s0038_PTQ35164.1_hypothetical_protein_MARPO_0073s0038__Marchantia_polymorpha_                        1.17%    passed     71.83%
  42  VIII_Mapoly0006s0226_PTQ48220.1_hypothetical_protein_MARPO_0006s0226__Marchantia_polymorpha_                        9.38%    passed     14.27%
  43  VIII_XM_024680104.1_XP_024535872.1_transcription_factor_MYB8-like__Selaginella_moellendorffii_                     13.67%    passed     62.95%
  44  VIII_MN199020_QIN53296.1_R2R3-MYB_transcription_factor__Selaginella_moellendorffii_                                 5.47%    passed     78.82%
  45  Azfi_s0014.g013584                                                                                                  1.56%    failed      4.79%
  46  Azfi_s0035.g025508                                                                                                 22.27%    failed      4.07%
  47  Azfi_s0041.g026722                                                                                                  6.64%    passed     15.78%
  48  Azfi_s0076.g037908                                                                                                 44.53%    passed     73.44%
  49  Azfi_s0129.g048859                                                                                                  8.98%    passed     15.58%
  50  R1R2R3_MN199004_QIN53280.1_R1R2R3-MYB_protein__Selaginella_moellendorffii_                                          2.34%    passed     52.68%
  51  R1R2R3_Mapoly0036s0107_PTQ41127.1_hypothetical_protein_MARPO_0036s0107__Marchantia_polymorpha_                      1.56%    passed     90.20%
  52  R1R2R3_Mapoly0150s0001_PTQ28976.1_hypothetical_protein_MARPO_0150s0001__Marchantia_polymorpha_                     34.77%    passed     50.20%
  53  II_sp_Q9S7L2_MYB98_ARATH_Transcription_factor_MYB98_OS_Arabidopsis_thaliana_OX_3702_GN_MYB98_PE_2_SV_1             29.30%    failed      2.29%
  54  II_tr_A0A178UF86_A0A178UF86_ARATH_MYB119_OS_Arabidopsis_thaliana_OX_3702_GN_AXX17_At5g58240_PE_4_SV_1              18.36%    passed      6.82%
  55  II_sp_Q9LVW4_MY118_ARATH_Transcription_factor_MYB118_OS_Arabidopsis_thaliana_OX_3702_GN_MYB118_PE_2_SV_1           19.92%    passed     26.94%
  56  III_sp_Q42575_MYB1_ARATH_Transcription_factor_MYB1_OS_Arabidopsis_thaliana_OX_3702_GN_MYB1_PE_2_SV_1               11.33%    passed     30.25%
  57  IV_sp_Q9SN12_MYB77_ARATH_Transcription_factor_MYB77_OS_Arabidopsis_thaliana_OX_3702_GN_MYB77_PE_1_SV_1             24.22%    passed     25.90%
  58  IV_sp_O23160_MYB73_ARATH_Transcription_factor_MYB73_OS_Arabidopsis_thaliana_OX_3702_GN_MYB73_PE_1_SV_1             23.05%    passed     43.54%
  59  V_sp_Q6R0C4_MYB52_ARATH_Transcription_factor_MYB52_OS_Arabidopsis_thaliana_OX_3702_GN_MYB52_PE_2_SV_1              29.30%    passed     13.87%
  60  V_sp_Q6R053_MYB56_ARATH_Transcription_factor_MYB56_OS_Arabidopsis_thaliana_OX_3702_GN_MYB56_PE_1_SV_1              23.83%    passed     97.12%
  61  V_sp_Q9SEZ4_MY105_ARATH_Transcription_factor_MYB105_OS_Arabidopsis_thaliana_OX_3702_GN_MYB105_PE_1_SV_1            30.47%    passed     47.68%
  62  VI_sp_A0A178VEK7_DUO1_ARATH_Transcription_factor_DUO1_OS_Arabidopsis_thaliana_OX_3702_GN_DUO1_AtMYB125_PE_1_SV_1   23.44%    passed     25.72%
  63  VII_sp_O80883_MB101_ARATH_Transcription_factor_MYB101_OS_Arabidopsis_thaliana_OX_3702_GN_MYB101_PE_2_SV_1           3.12%    passed     32.57%
  64  VII_tr_Q9SLH1_Q9SLH1_ARATH_Myb_domain_protein_81_OS_Arabidopsis_thaliana_OX_3702_GN_MYB81_PE_1_SV_1                 3.52%    passed     34.37%
  65  VII_sp_Q8W1W6_MYB33_ARATH_Transcription_factor_MYB33_OS_Arabidopsis_thaliana_OX_3702_GN_MYB33_PE_2_SV_1             4.30%    passed     76.86%
  66  VIII_tr_F4K6R6_F4K6R6_ARATH_Myb_domain_protein_40_OS_Arabidopsis_thaliana_OX_3702_GN_MYB40_PE_4_SV_1               23.05%    failed      2.52%
  67  VIII_sp_Q8GYP5_MYB60_ARATH_Transcription_factor_MYB60_OS_Arabidopsis_thaliana_OX_3702_GN_MYB60_PE_1_SV_1           17.97%    passed     10.29%
  68  Azfi_s0004.g008455_Myb_transcription_factor__0.077_                                                                 4.30%    passed     94.09%
  69  Azfi_s0021.g015882_Myb_transcription_factor__0.077_                                                                 1.56%    passed     97.10%
  70  Azfi_s0113.g045874_Myb_transcription_factor__0.077_                                                                 8.59%    passed     12.58%
  71  Azfi_s0014.g013539_Myb_domain_protein_105__0.161_                                                                  33.98%    failed      0.78%
  72  Azfi_s0009.g011773_Myb_domain_protein_67                                                                           19.14%    failed      0.00%
WARNING: 2 sequences contain more than 50% gaps/ambiguity
****  TOTAL                                                                                                              14.57%  9 sequences failed composition chi2 test (p-value<5%; df=19)

Create initial parsimony tree by phylogenetic likelihood library (PLL)... 0.018 seconds
Generating 2000 samples for ultrafast bootstrap (seed: 724924)...

NOTE: 17 MB RAM (0 GB) is required!
Measuring multi-threading efficiency up to 4 CPU cores
Increase to 10 rounds for branch lengths
12 trees examined
Threads: 1 / Time: 4.258 sec / Speedup: 1.000 / Efficiency: 100% / LogL: -31697
Threads: 2 / Time: 2.383 sec / Speedup: 1.787 / Efficiency: 89% / LogL: -31697
Threads: 3 / Time: 2.670 sec / Speedup: 1.595 / Efficiency: 53% / LogL: -31697
BEST NUMBER OF THREADS: 2

Estimate model parameters (epsilon = 0.100)
1. Initial log-likelihood: -26002.308
2. Current log-likelihood: -25542.412
3. Current log-likelihood: -25539.337
Optimal log-likelihood: -25539.232
Site proportion and rates:  (0.235,0.086) (0.110,0.289) (0.138,0.675) (0.244,1.162) (0.273,2.092)
Parameters optimization took 3 rounds (1.206 sec)
Computing ML distances based on estimated model parameters... 1.800 sec
Computing BIONJ tree...
0.002 seconds
Log-likelihood of BIONJ tree: -25552.475
--------------------------------------------------------------------
|             INITIALIZING CANDIDATE TREE SET                      |
--------------------------------------------------------------------
Generating 98 parsimony trees... 1.478 second
Computing log-likelihood of 98 initial trees ... 5.977 seconds
Current best score: -25477.374

Do NNI search on 20 best initial trees
Estimate model parameters (epsilon = 0.100)
BETTER TREE FOUND at iteration 1: -25426.333
Estimate model parameters (epsilon = 0.100)
BETTER TREE FOUND at iteration 2: -25418.232
Iteration 10 / LogL: -25419.448 / Time: 0h:0m:27s
Iteration 20 / LogL: -25434.485 / Time: 0h:0m:33s
Finish initializing candidate tree set (19)
Current best tree score: -25418.232 / CPU time: 21.441
Number of iterations: 20
--------------------------------------------------------------------
|               OPTIMIZING CANDIDATE TREE SET                      |
--------------------------------------------------------------------
Estimate model parameters (epsilon = 0.100)
BETTER TREE FOUND at iteration 27: -25417.695
Iteration 30 / LogL: -25419.300 / Time: 0h:0m:41s (0h:2m:17s left)
BETTER TREE FOUND at iteration 39: -25417.693
Iteration 40 / LogL: -25421.150 / Time: 0h:0m:48s (0h:2m:2s left)
Estimate model parameters (epsilon = 0.100)
BETTER TREE FOUND at iteration 47: -25415.794
Iteration 50 / LogL: -25450.407 / Time: 0h:0m:56s (0h:1m:52s left)
Log-likelihood cutoff on original alignment: -25466.595
Iteration 60 / LogL: -25433.447 / Time: 0h:1m:2s (0h:1m:32s left)
Estimate model parameters (epsilon = 0.100)
BETTER TREE FOUND at iteration 62: -25415.702
Iteration 70 / LogL: -25416.483 / Time: 0h:1m:8s (0h:1m:31s left)
Iteration 80 / LogL: -25416.493 / Time: 0h:1m:15s (0h:1m:18s left)
Iteration 90 / LogL: -25416.546 / Time: 0h:1m:22s (0h:1m:6s left)
Iteration 100 / LogL: -25417.033 / Time: 0h:1m:29s (0h:0m:55s left)
Log-likelihood cutoff on original alignment: -25460.650
NOTE: Bootstrap correlation coefficient of split occurrence frequencies: 0.990
Iteration 110 / LogL: -25417.737 / Time: 0h:1m:35s (0h:1m:19s left)
Estimate model parameters (epsilon = 0.100)
BETTER TREE FOUND at iteration 115: -25415.471
Iteration 120 / LogL: -25425.130 / Time: 0h:1m:43s (0h:1m:22s left)
UPDATE BEST LOG-LIKELIHOOD: -25415.466
Iteration 130 / LogL: -25421.579 / Time: 0h:1m:50s (0h:1m:12s left)
Estimate model parameters (epsilon = 0.100)
UPDATE BEST LOG-LIKELIHOOD: -25415.441
Iteration 140 / LogL: -25419.832 / Time: 0h:2m:1s (0h:1m:5s left)
Iteration 150 / LogL: -25415.628 / Time: 0h:2m:10s (0h:0m:57s left)
Log-likelihood cutoff on original alignment: -25460.650
Iteration 160 / LogL: -25422.957 / Time: 0h:2m:19s (0h:0m:48s left)
Estimate model parameters (epsilon = 0.100)
UPDATE BEST LOG-LIKELIHOOD: -25415.422
Iteration 170 / LogL: -25417.894 / Time: 0h:2m:26s (0h:0m:39s left)
Iteration 180 / LogL: -25489.344 / Time: 0h:2m:35s (0h:0m:30s left)
UPDATE BEST LOG-LIKELIHOOD: -25415.415
Iteration 190 / LogL: -25418.596 / Time: 0h:2m:42s (0h:0m:21s left)
Iteration 200 / LogL: -25415.448 / Time: 0h:2m:49s (0h:0m:12s left)
Log-likelihood cutoff on original alignment: -25460.650
NOTE: Bootstrap correlation coefficient of split occurrence frequencies: 0.998
Iteration 210 / LogL: -25419.262 / Time: 0h:2m:55s (0h:1m:15s left)
Estimate model parameters (epsilon = 0.100)
BETTER TREE FOUND at iteration 212: -25413.654
Iteration 220 / LogL: -25433.350 / Time: 0h:3m:1s (0h:1m:16s left)
Estimate model parameters (epsilon = 0.100)
BETTER TREE FOUND at iteration 221: -25413.131
Estimate model parameters (epsilon = 0.100)
BETTER TREE FOUND at iteration 224: -25413.092
Estimate model parameters (epsilon = 0.100)
UPDATE BEST LOG-LIKELIHOOD: -25413.053
Iteration 230 / LogL: -25416.246 / Time: 0h:3m:9s (0h:1m:17s left)
Estimate model parameters (epsilon = 0.100)
UPDATE BEST LOG-LIKELIHOOD: -25412.978
Iteration 240 / LogL: -25413.084 / Time: 0h:3m:18s (0h:1m:9s left)
BETTER TREE FOUND at iteration 248: -25412.978
Iteration 250 / LogL: -25413.010 / Time: 0h:3m:24s (0h:1m:20s left)
Log-likelihood cutoff on original alignment: -25460.540
UPDATE BEST LOG-LIKELIHOOD: -25412.977
UPDATE BEST LOG-LIKELIHOOD: -25412.975
Iteration 260 / LogL: -25412.975 / Time: 0h:3m:30s (0h:1m:11s left)
Iteration 270 / LogL: -25415.825 / Time: 0h:3m:37s (0h:1m:3s left)
Iteration 280 / LogL: -25415.982 / Time: 0h:3m:43s (0h:0m:54s left)
Iteration 290 / LogL: -25415.872 / Time: 0h:3m:51s (0h:0m:46s left)
Iteration 300 / LogL: -25414.937 / Time: 0h:3m:59s (0h:0m:38s left)
Log-likelihood cutoff on original alignment: -25460.540
NOTE: Bootstrap correlation coefficient of split occurrence frequencies: 0.989
NOTE: UFBoot does not converge, continue at least 100 more iterations
Iteration 310 / LogL: -25413.667 / Time: 0h:4m:9s (0h:1m:12s left)
Iteration 320 / LogL: -25414.970 / Time: 0h:4m:22s (0h:1m:5s left)
UPDATE BEST LOG-LIKELIHOOD: -25412.975
Iteration 330 / LogL: -25412.976 / Time: 0h:4m:30s (0h:0m:57s left)
Iteration 340 / LogL: -25415.402 / Time: 0h:4m:38s (0h:0m:49s left)
Iteration 350 / LogL: -25416.848 / Time: 0h:4m:46s (0h:0m:40s left)
Log-likelihood cutoff on original alignment: -25460.540
UPDATE BEST LOG-LIKELIHOOD: -25412.975
UPDATE BEST LOG-LIKELIHOOD: -25412.975
Iteration 360 / LogL: -25414.872 / Time: 0h:4m:53s (0h:0m:32s left)
Iteration 370 / LogL: -25418.282 / Time: 0h:4m:59s (0h:0m:24s left)
UPDATE BEST LOG-LIKELIHOOD: -25412.974
Iteration 380 / LogL: -25417.939 / Time: 0h:5m:5s (0h:0m:16s left)
Iteration 390 / LogL: -25413.006 / Time: 0h:5m:11s (0h:0m:8s left)
UPDATE BEST LOG-LIKELIHOOD: -25412.974
Iteration 400 / LogL: -25413.068 / Time: 0h:5m:17s (0h:0m:0s left)
Log-likelihood cutoff on original alignment: -25460.540
NOTE: Bootstrap correlation coefficient of split occurrence frequencies: 0.981
NOTE: UFBoot does not converge, continue at least 100 more iterations
UPDATE BEST LOG-LIKELIHOOD: -25412.974
Iteration 410 / LogL: -25412.974 / Time: 0h:5m:23s (0h:1m:11s left)
UPDATE BEST LOG-LIKELIHOOD: -25412.974
Iteration 420 / LogL: -25413.017 / Time: 0h:5m:29s (0h:1m:2s left)
Iteration 430 / LogL: -25413.014 / Time: 0h:5m:35s (0h:0m:54s left)
Iteration 440 / LogL: -25414.904 / Time: 0h:5m:40s (0h:0m:46s left)
Iteration 450 / LogL: -25415.380 / Time: 0h:5m:46s (0h:0m:38s left)
Log-likelihood cutoff on original alignment: -25460.540
UPDATE BEST LOG-LIKELIHOOD: -25412.973
Iteration 460 / LogL: -25413.044 / Time: 0h:5m:52s (0h:0m:30s left)
Iteration 470 / LogL: -25500.625 / Time: 0h:5m:58s (0h:0m:22s left)
Iteration 480 / LogL: -25414.907 / Time: 0h:6m:3s (0h:0m:15s left)
Iteration 490 / LogL: -25413.704 / Time: 0h:6m:9s (0h:0m:7s left)
Iteration 500 / LogL: -25420.738 / Time: 0h:6m:16s (0h:0m:0s left)
Log-likelihood cutoff on original alignment: -25461.010
NOTE: Bootstrap correlation coefficient of split occurrence frequencies: 0.995
TREE SEARCH COMPLETED AFTER 500 ITERATIONS / Time: 0h:6m:16s

--------------------------------------------------------------------
|                    FINALIZING TREE SEARCH                        |
--------------------------------------------------------------------
Performs final model parameters optimization
Estimate model parameters (epsilon = 0.010)
1. Initial log-likelihood: -25412.973
Optimal log-likelihood: -25412.973
Site proportion and rates:  (0.243,0.085) (0.101,0.284) (0.118,0.639) (0.249,1.120) (0.290,2.060)
Parameters optimization took 1 rounds (0.123 sec)
BEST SCORE FOUND : -25412.973

Testing tree branches by SH-like aLRT with 2000 replicates...
0.424 sec.
Creating bootstrap support values...
Split supports printed to NEXUS file analyses/combi-I-to-VIII-Azfi-Arabidopsis_sequences_linear_trees/aligned-mafft-einsi_trim-gt6/combi-I-to-VIII-Azfi-Arabidopsis_sequences_linear_aligned-mafft-einsi_trim-gt6_iqtree-bb2000-alrt2000.splits.nex
Total tree length: 65.608

Total number of iterations: 500
CPU time used for tree search: 677.226 sec (0h:11m:17s)
Wall-clock time used for tree search: 364.761 sec (0h:6m:4s)
Total CPU time used: 698.468 sec (0h:11m:38s)
Total wall-clock time used: 377.394 sec (0h:6m:17s)

Computing bootstrap consensus tree...
Reading input file analyses/combi-I-to-VIII-Azfi-Arabidopsis_sequences_linear_trees/aligned-mafft-einsi_trim-gt6/combi-I-to-VIII-Azfi-Arabidopsis_sequences_linear_aligned-mafft-einsi_trim-gt6_iqtree-bb2000-alrt2000.splits.nex...
72 taxa and 604 splits.
Consensus tree written to analyses/combi-I-to-VIII-Azfi-Arabidopsis_sequences_linear_trees/aligned-mafft-einsi_trim-gt6/combi-I-to-VIII-Azfi-Arabidopsis_sequences_linear_aligned-mafft-einsi_trim-gt6_iqtree-bb2000-alrt2000.contree
Reading input trees file analyses/combi-I-to-VIII-Azfi-Arabidopsis_sequences_linear_trees/aligned-mafft-einsi_trim-gt6/combi-I-to-VIII-Azfi-Arabidopsis_sequences_linear_aligned-mafft-einsi_trim-gt6_iqtree-bb2000-alrt2000.contree
Log-likelihood of consensus tree: -25412.974

Analysis results written to: 
  IQ-TREE report:                analyses/combi-I-to-VIII-Azfi-Arabidopsis_sequences_linear_trees/aligned-mafft-einsi_trim-gt6/combi-I-to-VIII-Azfi-Arabidopsis_sequences_linear_aligned-mafft-einsi_trim-gt6_iqtree-bb2000-alrt2000.iqtree
  Maximum-likelihood tree:       analyses/combi-I-to-VIII-Azfi-Arabidopsis_sequences_linear_trees/aligned-mafft-einsi_trim-gt6/combi-I-to-VIII-Azfi-Arabidopsis_sequences_linear_aligned-mafft-einsi_trim-gt6_iqtree-bb2000-alrt2000.treefile
  Likelihood distances:          analyses/combi-I-to-VIII-Azfi-Arabidopsis_sequences_linear_trees/aligned-mafft-einsi_trim-gt6/combi-I-to-VIII-Azfi-Arabidopsis_sequences_linear_aligned-mafft-einsi_trim-gt6_iqtree-bb2000-alrt2000.mldist

Ultrafast bootstrap approximation results written to:
  Split support values:          analyses/combi-I-to-VIII-Azfi-Arabidopsis_sequences_linear_trees/aligned-mafft-einsi_trim-gt6/combi-I-to-VIII-Azfi-Arabidopsis_sequences_linear_aligned-mafft-einsi_trim-gt6_iqtree-bb2000-alrt2000.splits.nex
  Consensus tree:                analyses/combi-I-to-VIII-Azfi-Arabidopsis_sequences_linear_trees/aligned-mafft-einsi_trim-gt6/combi-I-to-VIII-Azfi-Arabidopsis_sequences_linear_aligned-mafft-einsi_trim-gt6_iqtree-bb2000-alrt2000.contree
  Screen log file:               analyses/combi-I-to-VIII-Azfi-Arabidopsis_sequences_linear_trees/aligned-mafft-einsi_trim-gt6/combi-I-to-VIII-Azfi-Arabidopsis_sequences_linear_aligned-mafft-einsi_trim-gt6_iqtree-bb2000-alrt2000.log

Date and Time: Thu Aug  6 13:18:46 2020
