IQ-TREE multicore version 1.6.12 for Linux 64-bit built Aug 15 2019
Developed by Bui Quang Minh, Nguyen Lam Tung, Olga Chernomor,
Heiko Schmidt, Dominik Schrempf, Michael Woodhams.

Host:    LauraDesktop (AVX2, FMA3, 23 GB RAM)
Command: iqtree -s data/alignments_trimmed/combi_sequences_linear_aligned-mafft-linsi_trim-gt6.fasta -m MFP -bb 2000 -alrt 2000 -nt AUTO -ntmax 4 -pre analyses/combi_sequences_linear_trees/aligned-mafft-linsi_trim-gt6/combi_sequences_linear_aligned-mafft-linsi_trim-gt6_iqtree-bb2000-alrt2000
Seed:    665337 (Using SPRNG - Scalable Parallel Random Number Generator)
Time:    Wed Jul 29 16:46:01 2020
Kernel:  AVX+FMA - auto-detect threads (4 CPU cores detected)

Reading alignment file data/alignments_trimmed/combi_sequences_linear_aligned-mafft-linsi_trim-gt6.fasta ... Fasta format detected
Alignment most likely contains protein sequences
Alignment has 25 sequences with 329 columns, 324 distinct patterns
281 parsimony-informative, 33 singleton sites, 15 constant sites
WARNING: Some sequence names are changed as follows:
VII_ENA|MN199011|MN199011.1_Selaginella_moellendorffii -> VII_ENA_MN199011_MN199011.1_Selaginella_moellendorffii
VII_Sacu_v1.1_s0002.g001222_Myb_transcription_factor_[0.077] -> VII_Sacu_v1.1_s0002.g001222_Myb_transcription_factor__0.077_
VII_Sacu_v1.1_s0041.g012546_Myb_transcription_factor_[0.077] -> VII_Sacu_v1.1_s0041.g012546_Myb_transcription_factor__0.077_
VII_Sacu_v1.1_s0272.g027033_Myb_transcription_factor_[0.077] -> VII_Sacu_v1.1_s0272.g027033_Myb_transcription_factor__0.077_
VII_MA_96853p0010[582_residues]_ -> VII_MA_96853p0010_582_residues__
VII_MA_10208000p0010[602_residues]_ -> VII_MA_10208000p0010_602_residues__
VII_MA_20462p0010[470_residues]_ -> VII_MA_20462p0010_470_residues__
sp|Q8W1W6|MYB33_ARATH_Transcription_factor_MYB33_OS=Arabidopsis_thaliana_OX=3702_GN=MYB33_PE=2_SV=1 -> sp_Q8W1W6_MYB33_ARATH_Transcription_factor_MYB33_OS_Arabidopsis_thaliana_OX_3702_GN_MYB33_PE_2_SV_1
Azfi_s0004.g008455_Myb_transcription_factor_[0.077] -> Azfi_s0004.g008455_Myb_transcription_factor__0.077_
Azfi_s0021.g015882_Myb_transcription_factor_[0.077] -> Azfi_s0021.g015882_Myb_transcription_factor__0.077_
VI_XM_024688730.1_>XP_024544498.1 -> VI_XM_024688730.1__XP_024544498.1
VI_XM_024688710_>XP_024544478.1_pentatricopeptide_repeat-containing_protein_At1g11290 -> VI_XM_024688710__XP_024544478.1_pentatricopeptide_repeat-containing_protein_At1g11290
VI_XM_024688389.1_XP_024524157.1_transcription_repressor_MYB4_[Selaginella_moellendorffii] -> VI_XM_024688389.1_XP_024524157.1_transcription_repressor_MYB4__Selaginella_moellendorffii_
VI_Sacu_v1.1_s1503.g028048_Myb_transcription_factor_[0.077] -> VI_Sacu_v1.1_s1503.g028048_Myb_transcription_factor__0.077_
VI_Sacu_v1.1_s0147.g023157_Myb_transcription_factor_[0.077] -> VI_Sacu_v1.1_s0147.g023157_Myb_transcription_factor__0.077_
VI_MA_130648p0010[437_residues]_ -> VI_MA_130648p0010_437_residues__
VI_AmTr_v1.0_scaffold00111.43_locus=evm_27.TU.AmTr_v1.0_scaffold00111.43 -> VI_AmTr_v1.0_scaffold00111.43_locus_evm_27.TU.AmTr_v1.0_scaffold00111.43

                                                                                                     Gap/Ambiguity  Composition  p-value
   1  VII_HAOX-0009745                                                                                      54.71%    passed     30.81%
   2  VII_Mp3g05910.1                                                                                        2.43%    passed     76.04%
   3  VII_ENA_MN199011_MN199011.1_Selaginella_moellendorffii                                                17.02%    passed     40.15%
   4  VII_Sacu_v1.1_s0002.g001222_Myb_transcription_factor__0.077_                                           6.99%    passed     95.37%
   5  VII_Sacu_v1.1_s0041.g012546_Myb_transcription_factor__0.077_                                           6.69%    passed     61.22%
   6  VII_Sacu_v1.1_s0272.g027033_Myb_transcription_factor__0.077_                                           6.38%    passed     17.83%
   7  VII_MA_96853p0010_582_residues__                                                                       2.13%    passed     97.71%
   8  VII_MA_10208000p0010_602_residues__                                                                    0.30%    passed     22.13%
   9  VII_MA_20462p0010_470_residues__                                                                       8.21%    passed     72.31%
  10  VII_AmTr_v1.0_scaffold00038.91                                                                         3.95%    passed     95.05%
  11  VII_AmTr_v1.0_scaffold00037.85                                                                         7.90%    passed     49.58%
  12  sp_Q8W1W6_MYB33_ARATH_Transcription_factor_MYB33_OS_Arabidopsis_thaliana_OX_3702_GN_MYB33_PE_2_SV_1    7.29%    passed     71.04%
  13  Azfi_s0004.g008455_Myb_transcription_factor__0.077_                                                    5.78%    passed     22.53%
  14  Azfi_s0021.g015882_Myb_transcription_factor__0.077_                                                    0.91%    passed     76.56%
  15  VI_g8575.t1_length                                                                                     4.86%    failed      3.69%
  16  VI_BBG43567_LC221833_MYB_transcription_factor                                                         55.02%    passed     73.75%
  17  VI_BBG43566_LC221832_Chara_leptospora_mRNA_for_MYB_transcription_factor                               63.22%    passed     62.00%
  18  VI_Mapoly0019s0071.1                                                                                  10.94%    passed     49.84%
  19  VI_XM_024688730.1__XP_024544498.1                                                                     23.10%    passed     14.82%
  20  VI_XM_024688710__XP_024544478.1_pentatricopeptide_repeat-containing_protein_At1g11290                 13.98%    failed      0.01%
  21  VI_XM_024688389.1_XP_024524157.1_transcription_repressor_MYB4__Selaginella_moellendorffii_            11.55%    passed     85.08%
  22  VI_Sacu_v1.1_s1503.g028048_Myb_transcription_factor__0.077_                                           53.80%    passed     90.13%
  23  VI_Sacu_v1.1_s0147.g023157_Myb_transcription_factor__0.077_                                           59.57%    passed     87.79%
  24  VI_MA_130648p0010_437_residues__                                                                       9.12%    passed     16.98%
  25  VI_AmTr_v1.0_scaffold00111.43_locus_evm_27.TU.AmTr_v1.0_scaffold00111.43                              22.80%    failed      0.00%
WARNING: 5 sequences contain more than 50% gaps/ambiguity
****  TOTAL                                                                                                 18.35%  3 sequences failed composition chi2 test (p-value<5%; df=19)


Create initial parsimony tree by phylogenetic likelihood library (PLL)... 0.003 seconds
NOTE: ModelFinder requires 15 MB RAM!
ModelFinder will test 546 protein models (sample size: 329) ...
 No. Model         -LnL         df  AIC          AICc         BIC
Measuring multi-threading efficiency up to 4 CPU cores
Increase to 10 rounds for branch lengths
150 trees examined
Threads: 1 / Time: 4.001 sec / Speedup: 1.000 / Efficiency: 100% / LogL: -13834
Threads: 2 / Time: 2.412 sec / Speedup: 1.658 / Efficiency: 83% / LogL: -13834
Threads: 3 / Time: 1.861 sec / Speedup: 2.149 / Efficiency: 72% / LogL: -13834
Threads: 4 / Time: 1.922 sec / Speedup: 2.082 / Efficiency: 52% / LogL: -13834
BEST NUMBER OF THREADS: 3

  1  Dayhoff       12303.433    47  24700.867    24716.924    24879.282
  2  Dayhoff+I     12226.248    48  24548.495    24565.295    24730.706
  3  Dayhoff+G4    11665.993    48  23427.986    23444.786    23610.197
  4  Dayhoff+I+G4  11665.481    49  23428.962    23446.525    23614.969
  5  Dayhoff+R2    11752.211    49  23602.422    23619.985    23788.429
  6  Dayhoff+R3    11684.213    51  23470.426    23489.574    23664.025
  7  Dayhoff+R4    11667.518    53  23441.036    23461.851    23642.227
  8  Dayhoff+R5    11661.204    55  23432.408    23454.972    23641.191
  9  Dayhoff+R6    11657.919    57  23429.838    23454.236    23646.213
 14  Dayhoff+F     12297.026    66  24726.051    24759.807    24976.591
 15  Dayhoff+F+I   12215.644    67  24565.288    24600.200    24819.624
 16  Dayhoff+F+G4  11619.646    67  23373.291    23408.203    23627.627
 17  Dayhoff+F+I+G4 11618.891    68  23373.783    23409.875    23631.915
 18  Dayhoff+F+R2  11711.136    68  23558.273    23594.365    23816.404
 19  Dayhoff+F+R3  11639.161    70  23418.323    23456.850    23684.047
 20  Dayhoff+F+R4  11620.592    72  23385.183    23426.246    23658.499
 21  Dayhoff+F+R5  11613.935    74  23375.870    23419.570    23656.778
 22  Dayhoff+F+R6  11610.301    76  23372.602    23419.047    23661.103
 27  mtMAM         13227.134    47  26548.269    26564.326    26726.683
 28  mtMAM+I       13114.587    48  26325.173    26341.973    26507.384
 29  mtMAM+G4      12262.436    48  24620.871    24637.671    24803.082
 30  mtMAM+I+G4    12261.285    49  24620.571    24638.133    24806.577
 31  mtMAM+R2      12474.903    49  25047.805    25065.368    25233.812
 32  mtMAM+R3      12349.446    51  24800.892    24820.040    24994.491
 33  mtMAM+R4      12296.663    53  24699.326    24720.141    24900.517
 34  mtMAM+R5      12276.717    55  24663.434    24685.998    24872.217
 35  mtMAM+R6      12264.666    57  24643.331    24667.730    24859.706
 36  mtMAM+R7      12251.381    59  24620.762    24647.082    24844.730
 37  mtMAM+R8      12244.596    61  24611.192    24639.522    24842.752
 38  mtMAM+R9      12241.323    63  24608.646    24639.076    24847.798
 40  mtMAM+F       12592.280    66  25316.560    25350.316    25567.100
 41  mtMAM+F+I     12492.456    67  25118.911    25153.823    25373.247
 42  mtMAM+F+G4    11726.130    67  23586.261    23621.173    23840.597
 43  mtMAM+F+I+G4  11725.330    68  23586.659    23622.752    23844.791
 44  mtMAM+F+R2    11901.138    68  23938.276    23974.368    24196.408
 45  mtMAM+F+R3    11782.662    70  23705.324    23743.851    23971.048
 46  mtMAM+F+R4    11741.814    72  23627.629    23668.691    23900.945
 47  mtMAM+F+R5    11729.442    74  23606.885    23650.585    23887.793
 48  mtMAM+F+R6    11723.553    76  23599.105    23645.550    23887.606
 49  mtMAM+F+R7    11718.477    78  23592.954    23642.250    23889.047
 53  JTT           12214.483    47  24522.967    24539.024    24701.382
 54  JTT+I         12133.470    48  24362.941    24379.741    24545.152
 55  JTT+G4        11584.030    48  23264.059    23280.859    23446.270
 56  JTT+I+G4      11583.588    49  23265.177    23282.739    23451.183
 57  JTT+R2        11655.050    49  23408.101    23425.664    23594.108
 58  JTT+R3        11589.892    51  23281.784    23300.932    23475.383
 59  JTT+R4        11578.253    53  23262.506    23283.321    23463.697
 60  JTT+R5        11575.121    55  23260.241    23282.806    23469.025
 66  JTT+F         12210.724    66  24553.449    24587.204    24803.988
 67  JTT+F+I       12128.524    67  24391.048    24425.960    24645.384
 68  JTT+F+G4      11551.158    67  23236.316    23271.227    23490.651
 69  JTT+F+I+G4    11550.843    68  23237.686    23273.778    23495.818
 70  JTT+F+R2      11627.041    68  23390.083    23426.175    23648.215
 71  JTT+F+R3      11560.262    70  23260.525    23299.052    23526.249
 72  JTT+F+R4      11546.407    72  23236.814    23277.877    23510.130
 73  JTT+F+R5      11542.056    74  23232.113    23275.813    23513.021
 79  WAG           12260.256    47  24614.513    24630.570    24792.927
 80  WAG+I         12186.368    48  24468.736    24485.536    24650.946
 81  WAG+G4        11630.511    48  23357.022    23373.822    23539.233
 82  WAG+I+G4      11630.286    49  23358.571    23376.134    23544.578
 83  WAG+R2        11706.756    49  23511.512    23529.075    23697.519
 84  WAG+R3        11640.115    51  23382.229    23401.377    23575.828
 85  WAG+R4        11627.808    53  23361.615    23382.430    23562.806
 86  WAG+R5        11624.368    55  23358.736    23381.300    23567.519
 92  WAG+F         12250.544    66  24633.088    24666.844    24883.628
 93  WAG+F+I       12175.454    67  24484.909    24519.820    24739.244
 94  WAG+F+G4      11589.897    67  23313.795    23348.706    23568.130
 95  WAG+F+I+G4    11589.543    68  23315.086    23351.179    23573.218
 96  WAG+F+R2      11671.812    68  23479.624    23515.716    23737.755
 97  WAG+F+R3      11601.452    70  23342.903    23381.430    23608.627
 98  WAG+F+R4      11587.031    72  23318.062    23359.124    23591.378
 99  WAG+F+R5      11582.769    74  23313.539    23357.239    23594.447
105  cpREV         12445.014    47  24984.029    25000.086    25162.444
106  cpREV+I       12375.860    48  24847.721    24864.521    25029.932
107  cpREV+G4      11757.628    48  23611.256    23628.056    23793.467
108  cpREV+I+G4    11757.708    49  23613.417    23630.980    23799.424
109  cpREV+R2      11860.019    49  23818.038    23835.601    24004.045
110  cpREV+R3      11782.885    51  23667.770    23686.918    23861.369
111  cpREV+R4      11763.644    53  23633.289    23654.103    23834.480
112  cpREV+R5      11757.582    55  23625.164    23647.728    23833.947
113  cpREV+R6      11755.094    57  23624.188    23648.586    23840.563
118  cpREV+F       12407.421    66  24946.842    24980.598    25197.382
119  cpREV+F+I     12334.698    67  24803.396    24838.308    25057.732
120  cpREV+F+G4    11654.167    67  23442.334    23477.246    23696.670
121  cpREV+F+I+G4  11654.293    68  23444.586    23480.679    23702.718
122  cpREV+F+R2    11772.533    68  23681.066    23717.159    23939.198
123  cpREV+F+R3    11686.620    70  23513.241    23551.768    23778.965
124  cpREV+F+R4    11662.530    72  23469.059    23510.122    23742.376
125  cpREV+F+R5    11654.634    74  23457.268    23500.968    23738.176
126  cpREV+F+R6    11650.430    76  23452.860    23499.305    23741.361
131  mtREV         12852.220    47  25798.440    25814.496    25976.854
132  mtREV+I       12770.563    48  25637.127    25653.927    25819.338
133  mtREV+G4      12092.417    48  24280.835    24297.635    24463.045
134  mtREV+I+G4    12090.988    49  24279.976    24297.539    24465.983
135  mtREV+R2      12225.217    49  24548.434    24565.997    24734.441
136  mtREV+R3      12132.653    51  24367.307    24386.455    24560.905
137  mtREV+R4      12101.992    53  24309.983    24330.798    24511.174
138  mtREV+R5      12092.820    55  24295.640    24318.204    24504.423
139  mtREV+R6      12088.598    57  24291.195    24315.594    24507.571
144  mtREV+F       12393.386    66  24918.773    24952.528    25169.312
145  mtREV+F+I     12320.143    67  24774.287    24809.199    25028.623
146  mtREV+F+G4    11642.117    67  23418.234    23453.146    23672.570
147  mtREV+F+I+G4  11641.957    68  23419.913    23456.006    23678.045
148  mtREV+F+R2    11772.541    68  23681.082    23717.174    23939.214
149  mtREV+F+R3    11676.252    70  23492.504    23531.031    23758.228
150  mtREV+F+R4    11647.401    72  23438.802    23479.864    23712.118
151  mtREV+F+R5    11640.558    74  23429.116    23472.817    23710.025
152  mtREV+F+R6    11638.100    76  23428.201    23474.645    23716.701
157  rtREV         12380.145    47  24854.290    24870.347    25032.705
158  rtREV+I       12297.522    48  24691.044    24707.844    24873.255
159  rtREV+G4      11767.967    48  23631.935    23648.735    23814.145
160  rtREV+I+G4    11765.929    49  23629.859    23647.422    23815.866
161  rtREV+R2      11849.011    49  23796.023    23813.586    23982.030
162  rtREV+R3      11781.800    51  23665.600    23684.748    23859.199
163  rtREV+R4      11768.807    53  23643.614    23664.428    23844.805
164  rtREV+R5      11764.480    55  23638.961    23661.525    23847.744
170  rtREV+F       12211.276    66  24554.553    24588.309    24805.093
171  rtREV+F+I     12124.824    67  24383.648    24418.560    24637.984
172  rtREV+F+G4    11560.695    67  23255.391    23290.302    23509.726
173  rtREV+F+I+G4  11559.651    68  23255.302    23291.394    23513.434
174  rtREV+F+R2    11644.779    68  23425.559    23461.651    23683.691
175  rtREV+F+R3    11574.622    70  23289.243    23327.771    23554.967
176  rtREV+F+R4    11560.270    72  23264.540    23305.603    23537.856
177  rtREV+F+R5    11556.031    74  23260.061    23303.762    23540.970
183  mtART         13169.077    47  26432.155    26448.212    26610.570
184  mtART+I       13025.649    48  26147.299    26164.099    26329.509
185  mtART+G4      12227.633    48  24551.266    24568.066    24733.476
186  mtART+I+G4    12225.118    49  24548.236    24565.799    24734.243
187  mtART+R2      12420.421    49  24938.842    24956.405    25124.849
188  mtART+R3      12301.996    51  24705.993    24725.141    24899.592
189  mtART+R4      12256.692    53  24619.383    24640.198    24820.574
190  mtART+R5      12238.866    55  24587.732    24610.296    24796.515
191  mtART+R6      12227.316    57  24568.633    24593.031    24785.008
192  mtART+R7      12216.929    59  24551.857    24578.177    24775.824
193  mtART+R8      12213.003    61  24548.006    24576.335    24779.565
196  mtART+F       12615.889    66  25363.778    25397.534    25614.318
197  mtART+F+I     12497.711    67  25129.422    25164.334    25383.758
198  mtART+F+G4    11728.881    67  23591.761    23626.673    23846.097
199  mtART+F+I+G4  11727.291    68  23590.582    23626.674    23848.714
200  mtART+F+R2    11913.881    68  23963.761    23999.853    24221.893
201  mtART+F+R3    11801.272    70  23742.544    23781.072    24008.268
202  mtART+F+R4    11759.323    72  23662.647    23703.709    23935.963
203  mtART+F+R5    11745.088    74  23638.175    23681.876    23919.083
204  mtART+F+R6    11737.091    76  23626.183    23672.627    23914.683
205  mtART+F+R7    11729.885    78  23615.769    23665.065    23911.862
206  mtART+F+R8    11727.038    80  23614.076    23666.334    23917.760
209  mtZOA         12830.174    47  25754.347    25770.404    25932.762
210  mtZOA+I       12704.714    48  25505.429    25522.229    25687.639
211  mtZOA+G4      12008.825    48  24113.650    24130.450    24295.861
212  mtZOA+I+G4    12007.117    49  24112.235    24129.797    24298.241
213  mtZOA+R2      12161.818    49  24421.636    24439.199    24607.643
214  mtZOA+R3      12063.058    51  24228.116    24247.264    24421.715
215  mtZOA+R4      12028.854    53  24163.707    24184.522    24364.898
216  mtZOA+R5      12017.047    55  24144.093    24166.657    24352.876
217  mtZOA+R6      12009.890    57  24133.780    24158.178    24350.155
218  mtZOA+R7      12003.765    59  24125.530    24151.850    24349.498
219  mtZOA+R8      12002.579    61  24127.157    24155.487    24358.717
222  mtZOA+F       12463.269    66  25058.539    25092.294    25309.078
223  mtZOA+F+I     12354.735    67  24843.470    24878.381    25097.805
224  mtZOA+F+G4    11651.543    67  23437.085    23471.997    23691.421
225  mtZOA+F+I+G4  11650.717    68  23437.435    23473.527    23695.567
226  mtZOA+F+R2    11803.600    68  23743.200    23779.293    24001.332
227  mtZOA+F+R3    11705.683    70  23551.365    23589.893    23817.090
228  mtZOA+F+R4    11673.078    72  23490.156    23531.218    23763.472
229  mtZOA+F+R5    11662.994    74  23473.988    23517.689    23754.897
230  mtZOA+F+R6    11656.956    76  23465.912    23512.356    23754.412
231  mtZOA+F+R7    11649.522    78  23455.044    23504.340    23751.136
232  mtZOA+F+R8    11647.767    80  23455.534    23507.792    23759.219
235  VT            12176.354    47  24446.708    24462.765    24625.123
236  VT+I          12098.339    48  24292.679    24309.479    24474.889
237  VT+G4         11607.401    48  23310.801    23327.601    23493.012
238  VT+I+G4       11606.917    49  23311.834    23329.397    23497.841
239  VT+R2         11655.306    49  23408.611    23426.174    23594.618
240  VT+R3         11604.654    51  23311.309    23330.457    23504.908
241  VT+R4         11598.826    53  23303.652    23324.466    23504.843
242  VT+R5         11596.218    55  23302.436    23325.000    23511.219
248  VT+F          12151.110    66  24434.220    24467.976    24684.760
249  VT+F+I        12073.616    67  24281.232    24316.144    24535.568
250  VT+F+G4       11565.318    67  23264.635    23299.547    23518.971
251  VT+F+I+G4     11564.999    68  23265.997    23302.089    23524.129
252  VT+F+R2       11616.155    68  23368.310    23404.402    23626.442
253  VT+F+R3       11564.647    70  23269.295    23307.822    23535.019
254  VT+F+R4       11557.333    72  23258.667    23299.729    23531.983
255  VT+F+R5       11554.209    74  23256.419    23300.119    23537.327
261  LG            12321.338    47  24736.676    24752.733    24915.091
262  LG+I          12233.007    48  24562.014    24578.814    24744.225
263  LG+G4         11652.292    48  23400.583    23417.383    23582.794
264  LG+I+G4       11651.530    49  23401.060    23418.623    23587.067
265  LG+R2         11738.037    49  23574.075    23591.637    23760.081
266  LG+R3         11668.520    51  23439.040    23458.188    23632.639
267  LG+R4         11653.610    53  23413.220    23434.035    23614.412
268  LG+R5         11649.544    55  23409.089    23431.653    23617.872
274  LG+F          12245.977    66  24623.954    24657.710    24874.494
275  LG+F+I        12157.865    67  24449.730    24484.642    24704.066
276  LG+F+G4       11552.355    67  23238.710    23273.622    23493.046
277  LG+F+I+G4     11552.063    68  23240.127    23276.219    23498.259
278  LG+F+R2       11640.086    68  23416.173    23452.265    23674.305
279  LG+F+R3       11569.682    70  23279.363    23317.891    23545.088
280  LG+F+R4       11553.167    72  23250.335    23291.397    23523.651
281  LG+F+R5       11548.987    74  23245.973    23289.674    23526.881
287  DCMut         12301.227    47  24696.454    24712.511    24874.869
288  DCMut+I       12224.087    48  24544.174    24560.974    24726.385
289  DCMut+G4      11665.737    48  23427.474    23444.274    23609.685
290  DCMut+I+G4    11665.224    49  23428.449    23446.012    23614.456
291  DCMut+R2      11745.998    49  23589.996    23607.559    23776.003
292  DCMut+R3      11683.894    51  23469.789    23488.937    23663.388
293  DCMut+R4      11671.305    53  23448.610    23469.425    23649.801
294  DCMut+R5      11666.002    55  23442.003    23464.567    23650.786
300  DCMut+F       12294.590    66  24721.181    24754.936    24971.721
301  DCMut+F+I     12213.302    67  24560.603    24595.515    24814.939
302  DCMut+F+G4    11619.266    67  23372.532    23407.444    23626.868
303  DCMut+F+I+G4  11618.524    68  23373.048    23409.141    23631.180
304  DCMut+F+R2    11703.412    68  23542.823    23578.915    23800.955
305  DCMut+F+R3    11638.764    70  23417.528    23456.055    23683.252
306  DCMut+F+R4    11624.355    72  23392.710    23433.773    23666.027
307  DCMut+F+R5    11618.865    74  23385.730    23429.431    23666.638
313  PMB           12256.034    47  24606.067    24622.124    24784.482
314  PMB+I         12176.249    48  24448.497    24465.297    24630.708
315  PMB+G4        11691.818    48  23479.635    23496.435    23661.846
316  PMB+I+G4      11691.374    49  23480.747    23498.310    23666.754
317  PMB+R2        11733.441    49  23564.882    23582.445    23750.889
318  PMB+R3        11686.563    51  23475.126    23494.274    23668.725
319  PMB+R4        11681.593    53  23469.187    23490.001    23670.378
326  PMB+F         12218.267    66  24568.534    24602.290    24819.074
327  PMB+F+I       12139.614    67  24413.228    24448.140    24667.564
328  PMB+F+G4      11630.744    67  23395.488    23430.400    23649.824
329  PMB+F+I+G4    11630.518    68  23397.036    23433.128    23655.168
330  PMB+F+R2      11677.899    68  23491.798    23527.890    23749.930
331  PMB+F+R3      11628.754    70  23397.507    23436.034    23663.231
332  PMB+F+R4      11621.988    72  23387.976    23429.039    23661.293
333  PMB+F+R5      11619.441    74  23386.883    23430.584    23667.791
339  HIVb          12672.493    47  25438.986    25455.043    25617.401
340  HIVb+I        12577.897    48  25251.794    25268.594    25434.005
341  HIVb+G4       11855.824    48  23807.648    23824.448    23989.859
342  HIVb+I+G4     11855.388    49  23808.776    23826.339    23994.783
343  HIVb+R2       11963.838    49  24025.676    24043.238    24211.683
344  HIVb+R3       11880.086    51  23862.172    23881.320    24055.771
345  HIVb+R4       11859.677    53  23825.353    23846.168    24026.544
346  HIVb+R5       11852.962    55  23815.925    23838.489    24024.708
347  HIVb+R6       11847.811    57  23809.622    23834.021    24025.998
352  HIVb+F        12554.908    66  25241.816    25275.571    25492.355
353  HIVb+F+I      12459.397    67  25052.794    25087.706    25307.130
354  HIVb+F+G4     11677.296    67  23488.593    23523.505    23742.929
355  HIVb+F+I+G4   11677.214    68  23490.429    23526.521    23748.561
356  HIVb+F+R2     11802.219    68  23740.438    23776.531    23998.570
357  HIVb+F+R3     11713.432    70  23566.864    23605.391    23832.588
358  HIVb+F+R4     11688.264    72  23520.529    23561.591    23793.845
359  HIVb+F+R5     11679.347    74  23506.694    23550.395    23787.602
360  HIVb+F+R6     11671.743    76  23495.487    23541.931    23783.987
361  HIVb+F+R7     11665.745    78  23487.489    23536.785    23783.582
362  HIVb+F+R8     11664.105    80  23488.210    23540.468    23791.894
365  HIVw          13134.445    47  26362.890    26378.947    26541.305
366  HIVw+I        13021.456    48  26138.911    26155.711    26321.122
367  HIVw+G4       12256.776    48  24609.552    24626.352    24791.763
368  HIVw+I+G4     12256.436    49  24610.873    24628.435    24796.880
369  HIVw+R2       12394.863    49  24887.726    24905.289    25073.733
370  HIVw+R3       12303.307    51  24708.614    24727.762    24902.213
371  HIVw+R4       12278.998    53  24663.996    24684.810    24865.187
372  HIVw+R5       12269.324    55  24648.649    24671.213    24857.432
373  HIVw+R6       12260.044    57  24634.088    24658.486    24850.463
374  HIVw+R7       12253.062    59  24624.125    24650.444    24848.092
375  HIVw+R8       12252.064    61  24626.128    24654.457    24857.687
378  HIVw+F        12831.725    66  25795.450    25829.206    26045.990
379  HIVw+F+I      12718.910    67  25571.819    25606.731    25826.155
380  HIVw+F+G4     11915.384    67  23964.767    23999.679    24219.103
381  HIVw+F+I+G4   11915.431    68  23966.863    24002.955    24224.995
382  HIVw+F+R2     12051.113    68  24238.226    24274.318    24496.358
383  HIVw+F+R3     11963.412    70  24066.824    24105.351    24332.548
384  HIVw+F+R4     11938.593    72  24021.186    24062.248    24294.502
385  HIVw+F+R5     11928.246    74  24004.492    24048.193    24285.401
386  HIVw+F+R6     11917.485    76  23986.971    24033.415    24275.471
387  HIVw+F+R7     11907.821    78  23971.642    24020.938    24267.735
388  HIVw+F+R8     11905.913    80  23971.825    24024.083    24275.510
391  JTTDCMut      12221.105    47  24536.211    24552.268    24714.626
392  JTTDCMut+I    12141.105    48  24378.210    24395.010    24560.421
393  JTTDCMut+G4   11588.683    48  23273.366    23290.166    23455.576
394  JTTDCMut+I+G4 11588.326    49  23274.652    23292.215    23460.659
395  JTTDCMut+R2   11652.088    49  23402.175    23419.738    23588.182
396  JTTDCMut+R3   11595.124    51  23292.248    23311.396    23485.847
397  JTTDCMut+R4   11584.937    53  23275.875    23296.689    23477.066
398  JTTDCMut+R5   11581.509    55  23273.018    23295.582    23481.801
404  JTTDCMut+F    12215.518    66  24563.036    24596.792    24813.576
405  JTTDCMut+F+I  12134.342    67  24402.685    24437.597    24657.021
406  JTTDCMut+F+G4 11553.603    67  23241.206    23276.118    23495.542
407  JTTDCMut+F+I+G4 11553.323    68  23242.645    23278.738    23500.777
408  JTTDCMut+F+R2 11619.727    68  23375.454    23411.546    23633.586
409  JTTDCMut+F+R3 11562.977    70  23265.953    23304.480    23531.677
410  JTTDCMut+F+R4 11551.110    72  23246.219    23287.282    23519.536
411  JTTDCMut+F+R5 11546.631    74  23241.261    23284.962    23522.169
417  FLU           12673.594    47  25441.189    25457.245    25619.603
418  FLU+I         12574.579    48  25245.158    25261.958    25427.369
419  FLU+G4        11821.025    48  23738.050    23754.850    23920.261
420  FLU+I+G4      11819.382    49  23736.764    23754.326    23922.770
421  FLU+R2        11950.053    49  23998.106    24015.669    24184.113
422  FLU+R3        11856.845    51  23815.689    23834.837    24009.288
423  FLU+R4        11828.783    53  23763.565    23784.380    23964.757
424  FLU+R5        11820.058    55  23750.115    23772.679    23958.898
425  FLU+R6        11814.852    57  23743.703    23768.102    23960.079
430  FLU+F         12558.089    66  25248.177    25281.933    25498.717
431  FLU+F+I       12461.064    67  25056.128    25091.040    25310.464
432  FLU+F+G4      11694.504    67  23523.008    23557.920    23777.344
433  FLU+F+I+G4    11693.702    68  23523.404    23559.496    23781.536
434  FLU+F+R2      11821.513    68  23779.026    23815.118    24037.158
435  FLU+F+R3      11729.841    70  23599.681    23638.209    23865.405
436  FLU+F+R4      11701.705    72  23547.410    23588.472    23820.726
437  FLU+F+R5      11693.236    74  23534.472    23578.173    23815.380
438  FLU+F+R6      11686.674    76  23525.348    23571.793    23813.849
439  FLU+F+R7      11684.568    78  23525.136    23574.432    23821.228
443  Blosum62      12281.187    47  24656.375    24672.432    24834.789
444  Blosum62+I    12200.971    48  24497.942    24514.742    24680.153
445  Blosum62+G4   11721.931    48  23539.863    23556.663    23722.074
446  Blosum62+I+G4 11721.058    49  23540.117    23557.679    23726.123
447  Blosum62+R2   11767.046    49  23632.092    23649.655    23818.099
448  Blosum62+R3   11720.663    51  23543.325    23562.473    23736.924
449  Blosum62+R4   11715.875    53  23537.750    23558.565    23738.941
456  Blosum62+F    12217.631    66  24567.262    24601.018    24817.802
457  Blosum62+F+I  12138.149    67  24410.298    24445.210    24664.634
458  Blosum62+F+G4 11624.469    67  23382.939    23417.851    23637.275
459  Blosum62+F+I+G4 11623.915    68  23383.830    23419.922    23641.961
460  Blosum62+F+R2 11674.226    68  23484.452    23520.545    23742.584
461  Blosum62+F+R3 11626.429    70  23392.857    23431.384    23658.581
462  Blosum62+F+R4 11619.466    72  23382.933    23423.995    23656.249
463  Blosum62+F+R5 11616.992    74  23381.985    23425.685    23662.893
469  mtMet         12876.121    47  25846.242    25862.299    26024.657
470  mtMet+I       12763.507    48  25623.013    25639.813    25805.224
471  mtMet+G4      12130.280    48  24356.560    24373.360    24538.771
472  mtMet+I+G4    12129.060    49  24356.120    24373.682    24542.126
473  mtMet+R2      12229.491    49  24556.981    24574.544    24742.988
474  mtMet+R3      12158.517    51  24419.035    24438.183    24612.634
475  mtMet+R4      12139.840    53  24385.680    24406.495    24586.871
476  mtMet+R5      12131.013    55  24372.025    24394.589    24580.808
477  mtMet+R6      12121.342    57  24356.684    24381.082    24573.059
478  mtMet+R7      12119.167    59  24356.333    24382.653    24580.300
482  mtMet+F       12329.919    66  24791.838    24825.594    25042.378
483  mtMet+F+I     12228.298    67  24590.595    24625.507    24844.931
484  mtMet+F+G4    11613.857    67  23361.715    23396.627    23616.051
485  mtMet+F+I+G4  11613.494    68  23362.989    23399.081    23621.121
486  mtMet+F+R2    11715.845    68  23567.690    23603.782    23825.822
487  mtMet+F+R3    11644.625    70  23429.251    23467.778    23694.975
488  mtMet+F+R4    11625.444    72  23394.887    23435.950    23668.203
489  mtMet+F+R5    11618.751    74  23385.502    23429.202    23666.410
490  mtMet+F+R6    11611.133    76  23374.265    23420.710    23662.766
491  mtMet+F+R7    11607.128    78  23370.255    23419.551    23666.348
495  mtVer         12942.632    47  25979.263    25995.320    26157.678
496  mtVer+I       12830.221    48  25756.442    25773.242    25938.652
497  mtVer+G4      12139.944    48  24375.888    24392.688    24558.099
498  mtVer+I+G4    12139.185    49  24376.370    24393.932    24562.377
499  mtVer+R2      12258.744    49  24615.489    24633.051    24801.495
500  mtVer+R3      12180.012    51  24462.025    24481.173    24655.623
501  mtVer+R4      12157.749    53  24421.498    24442.313    24622.689
502  mtVer+R5      12145.095    55  24400.190    24422.754    24608.973
503  mtVer+R6      12133.209    57  24380.418    24404.817    24596.794
504  mtVer+R7      12129.973    59  24377.946    24404.266    24601.914
508  mtVer+F       12458.892    66  25049.784    25083.540    25300.324
509  mtVer+F+I     12348.288    67  24830.575    24865.487    25084.911
510  mtVer+F+G4    11681.889    67  23497.778    23532.690    23752.114
511  mtVer+F+I+G4  11681.744    68  23499.488    23535.580    23757.620
512  mtVer+F+R2    11799.397    68  23734.795    23770.887    23992.927
513  mtVer+F+R3    11717.918    70  23575.835    23614.363    23841.559
514  mtVer+F+R4    11696.328    72  23536.656    23577.718    23809.972
515  mtVer+F+R5    11688.209    74  23524.417    23568.118    23805.325
516  mtVer+F+R6    11679.736    76  23511.471    23557.916    23799.971
517  mtVer+F+R7    11675.676    78  23507.352    23556.648    23803.445
521  mtInv         12954.425    47  26002.850    26018.907    26181.265
522  mtInv+I       12841.947    48  25779.893    25796.693    25962.104
523  mtInv+G4      12257.661    48  24611.323    24628.123    24793.533
524  mtInv+I+G4    12255.975    49  24609.950    24627.513    24795.957
525  mtInv+R2      12337.668    49  24773.337    24790.900    24959.344
526  mtInv+R3      12273.713    51  24649.426    24668.574    24843.025
527  mtInv+R4      12259.887    53  24625.773    24646.588    24826.964
528  mtInv+R5      12254.537    55  24619.075    24641.639    24827.858
534  mtInv+F       12279.801    66  24691.601    24725.357    24942.141
535  mtInv+F+I     12180.558    67  24495.116    24530.028    24749.452
536  mtInv+F+G4    11597.331    67  23328.662    23363.574    23582.998
537  mtInv+F+I+G4  11596.704    68  23329.407    23365.499    23587.539
538  mtInv+F+R2    11689.065    68  23514.130    23550.222    23772.262
539  mtInv+F+R3    11623.797    70  23387.594    23426.121    23653.318
540  mtInv+F+R4    11606.953    72  23357.906    23398.968    23631.222
541  mtInv+F+R5    11601.838    74  23351.675    23395.376    23632.583
Akaike Information Criterion:           JTT+F+R5
Corrected Akaike Information Criterion: JTT+F+G4
Bayesian Information Criterion:         JTT+G4
Best-fit model: JTT+G4 chosen according to BIC

All model information printed to analyses/combi_sequences_linear_trees/aligned-mafft-linsi_trim-gt6/combi_sequences_linear_aligned-mafft-linsi_trim-gt6_iqtree-bb2000-alrt2000.model.gz
CPU time for ModelFinder: 151.942 seconds (0h:2m:31s)
Wall-clock time for ModelFinder: 54.025 seconds (0h:0m:54s)
Generating 2000 samples for ultrafast bootstrap (seed: 665337)...

NOTE: 7 MB RAM (0 GB) is required!
Measuring multi-threading efficiency up to 4 CPU cores
Increase to 10 rounds for branch lengths
36 trees examined
Threads: 1 / Time: 4.061 sec / Speedup: 1.000 / Efficiency: 100% / LogL: -13312
Threads: 2 / Time: 2.255 sec / Speedup: 1.801 / Efficiency: 90% / LogL: -13312
Threads: 3 / Time: 1.603 sec / Speedup: 2.534 / Efficiency: 84% / LogL: -13312
Threads: 4 / Time: 2.736 sec / Speedup: 1.484 / Efficiency: 37% / LogL: -13312
BEST NUMBER OF THREADS: 3

Estimate model parameters (epsilon = 0.100)
1. Initial log-likelihood: -11590.577
2. Current log-likelihood: -11584.771
3. Current log-likelihood: -11583.865
Optimal log-likelihood: -11583.816
Gamma shape alpha: 0.793
Parameters optimization took 3 rounds (0.090 sec)
Computing ML distances based on estimated model parameters... 0.174 sec
WARNING: Some pairwise ML distances are too long (saturated)
Computing BIONJ tree...
0.000 seconds
Log-likelihood of BIONJ tree: -11593.780
--------------------------------------------------------------------
|             INITIALIZING CANDIDATE TREE SET                      |
--------------------------------------------------------------------
Generating 98 parsimony trees... 0.365 second
Computing log-likelihood of 98 initial trees ... 1.141 seconds
Current best score: -11570.009

Do NNI search on 20 best initial trees
Estimate model parameters (epsilon = 0.100)
BETTER TREE FOUND at iteration 1: -11564.443
Estimate model parameters (epsilon = 0.100)
BETTER TREE FOUND at iteration 2: -11563.603
Iteration 10 / LogL: -11564.447 / Time: 0h:0m:13s
Estimate model parameters (epsilon = 0.100)
BETTER TREE FOUND at iteration 19: -11563.000
Iteration 20 / LogL: -11563.704 / Time: 0h:0m:15s
Finish initializing candidate tree set (6)
Current best tree score: -11563.000 / CPU time: 4.180
Number of iterations: 20
--------------------------------------------------------------------
|               OPTIMIZING CANDIDATE TREE SET                      |
--------------------------------------------------------------------
Estimate model parameters (epsilon = 0.100)
BETTER TREE FOUND at iteration 24: -11562.841
Estimate model parameters (epsilon = 0.100)
BETTER TREE FOUND at iteration 27: -11561.764
Iteration 30 / LogL: -11574.138 / Time: 0h:0m:16s (0h:0m:55s left)
UPDATE BEST LOG-LIKELIHOOD: -11561.764
Iteration 40 / LogL: -11561.764 / Time: 0h:0m:18s (0h:0m:40s left)
Iteration 50 / LogL: -11561.765 / Time: 0h:0m:19s (0h:0m:31s left)
Log-likelihood cutoff on original alignment: -11596.704
Iteration 60 / LogL: -11564.413 / Time: 0h:0m:21s (0h:0m:24s left)
Iteration 70 / LogL: -11561.765 / Time: 0h:0m:24s (0h:0m:20s left)
Iteration 80 / LogL: -11562.509 / Time: 0h:0m:26s (0h:0m:15s left)
Iteration 90 / LogL: -11562.294 / Time: 0h:0m:27s (0h:0m:11s left)
Iteration 100 / LogL: -11564.858 / Time: 0h:0m:30s (0h:0m:8s left)
Log-likelihood cutoff on original alignment: -11596.704
NOTE: Bootstrap correlation coefficient of split occurrence frequencies: 0.994
Iteration 110 / LogL: -11562.115 / Time: 0h:0m:33s (0h:0m:27s left)
Iteration 120 / LogL: -11562.197 / Time: 0h:0m:35s (0h:0m:23s left)
TREE SEARCH COMPLETED AFTER 128 ITERATIONS / Time: 0h:0m:37s

--------------------------------------------------------------------
|                    FINALIZING TREE SEARCH                        |
--------------------------------------------------------------------
Performs final model parameters optimization
Estimate model parameters (epsilon = 0.010)
1. Initial log-likelihood: -11561.764
Optimal log-likelihood: -11561.764
Gamma shape alpha: 0.803
Parameters optimization took 1 rounds (0.019 sec)
BEST SCORE FOUND : -11561.764

Testing tree branches by SH-like aLRT with 2000 replicates...
0.110 sec.
Creating bootstrap support values...
Split supports printed to NEXUS file analyses/combi_sequences_linear_trees/aligned-mafft-linsi_trim-gt6/combi_sequences_linear_aligned-mafft-linsi_trim-gt6_iqtree-bb2000-alrt2000.splits.nex
Total tree length: 24.582

Total number of iterations: 128
CPU time used for tree search: 69.566 sec (0h:1m:9s)
Wall-clock time used for tree search: 26.272 sec (0h:0m:26s)
Total CPU time used: 92.474 sec (0h:1m:32s)
Total wall-clock time used: 37.402 sec (0h:0m:37s)

Computing bootstrap consensus tree...
Reading input file analyses/combi_sequences_linear_trees/aligned-mafft-linsi_trim-gt6/combi_sequences_linear_aligned-mafft-linsi_trim-gt6_iqtree-bb2000-alrt2000.splits.nex...
25 taxa and 249 splits.
Consensus tree written to analyses/combi_sequences_linear_trees/aligned-mafft-linsi_trim-gt6/combi_sequences_linear_aligned-mafft-linsi_trim-gt6_iqtree-bb2000-alrt2000.contree
Reading input trees file analyses/combi_sequences_linear_trees/aligned-mafft-linsi_trim-gt6/combi_sequences_linear_aligned-mafft-linsi_trim-gt6_iqtree-bb2000-alrt2000.contree
Log-likelihood of consensus tree: -11562.115

Analysis results written to: 
  IQ-TREE report:                analyses/combi_sequences_linear_trees/aligned-mafft-linsi_trim-gt6/combi_sequences_linear_aligned-mafft-linsi_trim-gt6_iqtree-bb2000-alrt2000.iqtree
  Maximum-likelihood tree:       analyses/combi_sequences_linear_trees/aligned-mafft-linsi_trim-gt6/combi_sequences_linear_aligned-mafft-linsi_trim-gt6_iqtree-bb2000-alrt2000.treefile
  Likelihood distances:          analyses/combi_sequences_linear_trees/aligned-mafft-linsi_trim-gt6/combi_sequences_linear_aligned-mafft-linsi_trim-gt6_iqtree-bb2000-alrt2000.mldist

Ultrafast bootstrap approximation results written to:
  Split support values:          analyses/combi_sequences_linear_trees/aligned-mafft-linsi_trim-gt6/combi_sequences_linear_aligned-mafft-linsi_trim-gt6_iqtree-bb2000-alrt2000.splits.nex
  Consensus tree:                analyses/combi_sequences_linear_trees/aligned-mafft-linsi_trim-gt6/combi_sequences_linear_aligned-mafft-linsi_trim-gt6_iqtree-bb2000-alrt2000.contree
  Screen log file:               analyses/combi_sequences_linear_trees/aligned-mafft-linsi_trim-gt6/combi_sequences_linear_aligned-mafft-linsi_trim-gt6_iqtree-bb2000-alrt2000.log

Date and Time: Wed Jul 29 16:47:33 2020
