IQ-TREE multicore version 1.6.12 for Linux 64-bit built Aug 15 2019
Developed by Bui Quang Minh, Nguyen Lam Tung, Olga Chernomor,
Heiko Schmidt, Dominik Schrempf, Michael Woodhams.

Host:    LauraDesktop (AVX2, FMA3, 23 GB RAM)
Command: iqtree -s data/alignments_trimmed/combi-I-to-VIII-Azfi-Arabidopsis_sequences_linear_aligned-mafft-einsi_trim-gt8.fasta -m LG+F+R5 -bb 2000 -alrt 2000 -nt AUTO -ntmax 4 -pre analyses/combi-I-to-VIII-Azfi-Arabidopsis_sequences_linear_trees/aligned-mafft-einsi_trim-gt8/combi-I-to-VIII-Azfi-Arabidopsis_sequences_linear_aligned-mafft-einsi_trim-gt8_iqtree-bb2000-alrt2000
Seed:    509982 (Using SPRNG - Scalable Parallel Random Number Generator)
Time:    Thu Aug  6 13:18:46 2020
Kernel:  AVX+FMA - auto-detect threads (4 CPU cores detected)

Reading alignment file data/alignments_trimmed/combi-I-to-VIII-Azfi-Arabidopsis_sequences_linear_aligned-mafft-einsi_trim-gt8.fasta ... Fasta format detected
Alignment most likely contains protein sequences
Alignment has 72 sequences with 144 columns, 142 distinct patterns
126 parsimony-informative, 5 singleton sites, 13 constant sites
WARNING: Some sequence names are changed as follows:
CDC5_XM_002981114.2_XP_002981160.1_cell_division_cycle_5-like_protein_[Selaginella_moellendorffii] -> CDC5_XM_002981114.2_XP_002981160.1_cell_division_cycle_5-like_protein__Selaginella_moellendorffii_
CDC5_Mapoly0014s0195_PTQ45693.1_hypothetical_protein_MARPO_0014s0195_[Marchantia_polymorpha] -> CDC5_Mapoly0014s0195_PTQ45693.1_hypothetical_protein_MARPO_0014s0195__Marchantia_polymorpha_
I_Mapoly0085s0092_PTQ33890.1_hypothetical_protein_MARPO_0085s0092_[Marchantia_polymorpha] -> I_Mapoly0085s0092_PTQ33890.1_hypothetical_protein_MARPO_0085s0092__Marchantia_polymorpha_
II_Mapoly0001s0061_PTQ49997.1_hypothetical_protein_MARPO_0001s0061_[Marchantia_polymorpha] -> II_Mapoly0001s0061_PTQ49997.1_hypothetical_protein_MARPO_0001s0061__Marchantia_polymorpha_
III_XM_002991980.2_XP_002992026.2_myb-related_protein_B_[Selaginella_moellendorffii] -> III_XM_002991980.2_XP_002992026.2_myb-related_protein_B__Selaginella_moellendorffii_
III_Mapoly0007s0271_PTQ47916.1_hypothetical_protein_MARPO_0007s0271_[Marchantia_polymorpha] -> III_Mapoly0007s0271_PTQ47916.1_hypothetical_protein_MARPO_0007s0271__Marchantia_polymorpha_
III_XM_002971992.2_XP_002972038.2_transcription_factor_MYB1_[Selaginella_moellendorffii] -> III_XM_002971992.2_XP_002972038.2_transcription_factor_MYB1__Selaginella_moellendorffii_
IV_MN199005_QIN53281.1_R2R3-MYB_transcription_factor_[Selaginella_moellendorffii] -> IV_MN199005_QIN53281.1_R2R3-MYB_transcription_factor__Selaginella_moellendorffii_
IV_MN199007_QIN53283.1_R2R3-MYB_transcription_factor_[Selaginella_moellendorffii] -> IV_MN199007_QIN53283.1_R2R3-MYB_transcription_factor__Selaginella_moellendorffii_
IV_MN199006_QIN53282.1_R2R3-MYB_transcription_factor_[Selaginella_moellendorffii] -> IV_MN199006_QIN53282.1_R2R3-MYB_transcription_factor__Selaginella_moellendorffii_
IV_Mapoly0032s0153_PTQ41991.1_hypothetical_protein_MARPO_0032s0153_[Marchantia_polymorpha] -> IV_Mapoly0032s0153_PTQ41991.1_hypothetical_protein_MARPO_0032s0153__Marchantia_polymorpha_
V_Mapoly0008s0029_PTQ47242.1_hypothetical_protein_MARPO_0008s0029_[Marchantia_polymorpha] -> V_Mapoly0008s0029_PTQ47242.1_hypothetical_protein_MARPO_0008s0029__Marchantia_polymorpha_
V_XM_002977602.2_XP_002977648.2_uncharacterized_protein_LOC9657152_[Selaginella_moellendorffii] -> V_XM_002977602.2_XP_002977648.2_uncharacterized_protein_LOC9657152__Selaginella_moellendorffii_
V_MN199008_QIN53284.1_R2R3-MYB_transcription_factor_[Selaginella_moellendorffii] -> V_MN199008_QIN53284.1_R2R3-MYB_transcription_factor__Selaginella_moellendorffii_
V_MN199009_QIN53285.1_R2R3-MYB_transcription_factor_[Selaginella_moellendorffii] -> V_MN199009_QIN53285.1_R2R3-MYB_transcription_factor__Selaginella_moellendorffii_
V_MN199010_QIN53286.1_R2R3-MYB_transcription_factor_[Selaginella_moellendorffii] -> V_MN199010_QIN53286.1_R2R3-MYB_transcription_factor__Selaginella_moellendorffii_
VI_XM_024688730.1_>XP_024544498.1 -> VI_XM_024688730.1__XP_024544498.1
VI_XM_024688389.1_XP_024524157.1_transcription_repressor_MYB4_[Selaginella_moellendorffii] -> VI_XM_024688389.1_XP_024524157.1_transcription_repressor_MYB4__Selaginella_moellendorffii_
VI_Sacu_v1.1_s1503.g028048_Myb_transcription_factor_[0.077] -> VI_Sacu_v1.1_s1503.g028048_Myb_transcription_factor__0.077_
VI_Sacu_v1.1_s0147.g023157_Myb_transcription_factor_[0.077] -> VI_Sacu_v1.1_s0147.g023157_Myb_transcription_factor__0.077_
VI_MA_130648p0010[437_residues]_ -> VI_MA_130648p0010_437_residues__
VI_AmTr_v1.0_scaffold00111.43_locus=evm_27.TU.AmTr_v1.0_scaffold00111.43 -> VI_AmTr_v1.0_scaffold00111.43_locus_evm_27.TU.AmTr_v1.0_scaffold00111.43
VII_ENA|MN199011|MN199011.1_Selaginella_moellendorffii -> VII_ENA_MN199011_MN199011.1_Selaginella_moellendorffii
VII_Sacu_v1.1_s0002.g001222_Myb_transcription_factor_[0.077] -> VII_Sacu_v1.1_s0002.g001222_Myb_transcription_factor__0.077_
VII_Sacu_v1.1_s0041.g012546_Myb_transcription_factor_[0.077] -> VII_Sacu_v1.1_s0041.g012546_Myb_transcription_factor__0.077_
VII_Sacu_v1.1_s0272.g027033_Myb_transcription_factor_[0.077] -> VII_Sacu_v1.1_s0272.g027033_Myb_transcription_factor__0.077_
VII_MA_96853p0010[582_residues]_ -> VII_MA_96853p0010_582_residues__
VII_MA_10208000p0010[602_residues]_ -> VII_MA_10208000p0010_602_residues__
VII_MA_20462p0010[470_residues]_ -> VII_MA_20462p0010_470_residues__
VIII_MN199016_QIN53292.1_R2R3-MYB_transcription_factor_[Selaginella_moellendorffii] -> VIII_MN199016_QIN53292.1_R2R3-MYB_transcription_factor__Selaginella_moellendorffii_
VIII_XM_024668296.1_XP_024524064.1_transcription_factor_MYB26_[Selaginella_moellendorffii] -> VIII_XM_024668296.1_XP_024524064.1_transcription_factor_MYB26__Selaginella_moellendorffii_
VIII_Mapoly0073s0038_PTQ35164.1_hypothetical_protein_MARPO_0073s0038_[Marchantia_polymorpha] -> VIII_Mapoly0073s0038_PTQ35164.1_hypothetical_protein_MARPO_0073s0038__Marchantia_polymorpha_
VIII_Mapoly0006s0226_PTQ48220.1_hypothetical_protein_MARPO_0006s0226_[Marchantia_polymorpha] -> VIII_Mapoly0006s0226_PTQ48220.1_hypothetical_protein_MARPO_0006s0226__Marchantia_polymorpha_
VIII_XM_024680104.1_XP_024535872.1_transcription_factor_MYB8-like_[Selaginella_moellendorffii] -> VIII_XM_024680104.1_XP_024535872.1_transcription_factor_MYB8-like__Selaginella_moellendorffii_
VIII_MN199020_QIN53296.1_R2R3-MYB_transcription_factor_[Selaginella_moellendorffii] -> VIII_MN199020_QIN53296.1_R2R3-MYB_transcription_factor__Selaginella_moellendorffii_
R1R2R3_MN199004_QIN53280.1_R1R2R3-MYB_protein_[Selaginella_moellendorffii] -> R1R2R3_MN199004_QIN53280.1_R1R2R3-MYB_protein__Selaginella_moellendorffii_
R1R2R3_Mapoly0036s0107_PTQ41127.1_hypothetical_protein_MARPO_0036s0107_[Marchantia_polymorpha] -> R1R2R3_Mapoly0036s0107_PTQ41127.1_hypothetical_protein_MARPO_0036s0107__Marchantia_polymorpha_
R1R2R3_Mapoly0150s0001_PTQ28976.1_hypothetical_protein_MARPO_0150s0001_[Marchantia_polymorpha] -> R1R2R3_Mapoly0150s0001_PTQ28976.1_hypothetical_protein_MARPO_0150s0001__Marchantia_polymorpha_
II_sp|Q9S7L2|MYB98_ARATH_Transcription_factor_MYB98_OS=Arabidopsis_thaliana_OX=3702_GN=MYB98_PE=2_SV=1 -> II_sp_Q9S7L2_MYB98_ARATH_Transcription_factor_MYB98_OS_Arabidopsis_thaliana_OX_3702_GN_MYB98_PE_2_SV_1
II_tr|A0A178UF86|A0A178UF86_ARATH_MYB119_OS=Arabidopsis_thaliana_OX=3702_GN=AXX17_At5g58240_PE=4_SV=1 -> II_tr_A0A178UF86_A0A178UF86_ARATH_MYB119_OS_Arabidopsis_thaliana_OX_3702_GN_AXX17_At5g58240_PE_4_SV_1
II_sp|Q9LVW4|MY118_ARATH_Transcription_factor_MYB118_OS=Arabidopsis_thaliana_OX=3702_GN=MYB118_PE=2_SV=1 -> II_sp_Q9LVW4_MY118_ARATH_Transcription_factor_MYB118_OS_Arabidopsis_thaliana_OX_3702_GN_MYB118_PE_2_SV_1
III_sp|Q42575|MYB1_ARATH_Transcription_factor_MYB1_OS=Arabidopsis_thaliana_OX=3702_GN=MYB1_PE=2_SV=1 -> III_sp_Q42575_MYB1_ARATH_Transcription_factor_MYB1_OS_Arabidopsis_thaliana_OX_3702_GN_MYB1_PE_2_SV_1
IV_sp|Q9SN12|MYB77_ARATH_Transcription_factor_MYB77_OS=Arabidopsis_thaliana_OX=3702_GN=MYB77_PE=1_SV=1 -> IV_sp_Q9SN12_MYB77_ARATH_Transcription_factor_MYB77_OS_Arabidopsis_thaliana_OX_3702_GN_MYB77_PE_1_SV_1
IV_sp|O23160|MYB73_ARATH_Transcription_factor_MYB73_OS=Arabidopsis_thaliana_OX=3702_GN=MYB73_PE=1_SV=1 -> IV_sp_O23160_MYB73_ARATH_Transcription_factor_MYB73_OS_Arabidopsis_thaliana_OX_3702_GN_MYB73_PE_1_SV_1
V_sp|Q6R0C4|MYB52_ARATH_Transcription_factor_MYB52_OS=Arabidopsis_thaliana_OX=3702_GN=MYB52_PE=2_SV=1 -> V_sp_Q6R0C4_MYB52_ARATH_Transcription_factor_MYB52_OS_Arabidopsis_thaliana_OX_3702_GN_MYB52_PE_2_SV_1
V_sp|Q6R053|MYB56_ARATH_Transcription_factor_MYB56_OS=Arabidopsis_thaliana_OX=3702_GN=MYB56_PE=1_SV=1 -> V_sp_Q6R053_MYB56_ARATH_Transcription_factor_MYB56_OS_Arabidopsis_thaliana_OX_3702_GN_MYB56_PE_1_SV_1
V_sp|Q9SEZ4|MY105_ARATH_Transcription_factor_MYB105_OS=Arabidopsis_thaliana_OX=3702_GN=MYB105_PE=1_SV=1 -> V_sp_Q9SEZ4_MY105_ARATH_Transcription_factor_MYB105_OS_Arabidopsis_thaliana_OX_3702_GN_MYB105_PE_1_SV_1
VI_sp|A0A178VEK7|DUO1_ARATH_Transcription_factor_DUO1_OS=Arabidopsis_thaliana_OX=3702_GN=DUO1/AtMYB125_PE=1_SV=1 -> VI_sp_A0A178VEK7_DUO1_ARATH_Transcription_factor_DUO1_OS_Arabidopsis_thaliana_OX_3702_GN_DUO1_AtMYB125_PE_1_SV_1
VII_sp|O80883|MB101_ARATH_Transcription_factor_MYB101_OS=Arabidopsis_thaliana_OX=3702_GN=MYB101_PE=2_SV=1 -> VII_sp_O80883_MB101_ARATH_Transcription_factor_MYB101_OS_Arabidopsis_thaliana_OX_3702_GN_MYB101_PE_2_SV_1
VII_tr|Q9SLH1|Q9SLH1_ARATH_Myb_domain_protein_81_OS=Arabidopsis_thaliana_OX=3702_GN=MYB81_PE=1_SV=1 -> VII_tr_Q9SLH1_Q9SLH1_ARATH_Myb_domain_protein_81_OS_Arabidopsis_thaliana_OX_3702_GN_MYB81_PE_1_SV_1
VII_sp|Q8W1W6|MYB33_ARATH_Transcription_factor_MYB33_OS=Arabidopsis_thaliana_OX=3702_GN=MYB33_PE=2_SV=1 -> VII_sp_Q8W1W6_MYB33_ARATH_Transcription_factor_MYB33_OS_Arabidopsis_thaliana_OX_3702_GN_MYB33_PE_2_SV_1
VIII_tr|F4K6R6|F4K6R6_ARATH_Myb_domain_protein_40_OS=Arabidopsis_thaliana_OX=3702_GN=MYB40_PE=4_SV=1 -> VIII_tr_F4K6R6_F4K6R6_ARATH_Myb_domain_protein_40_OS_Arabidopsis_thaliana_OX_3702_GN_MYB40_PE_4_SV_1
VIII_sp|Q8GYP5|MYB60_ARATH_Transcription_factor_MYB60_OS=Arabidopsis_thaliana_OX=3702_GN=MYB60_PE=1_SV=1 -> VIII_sp_Q8GYP5_MYB60_ARATH_Transcription_factor_MYB60_OS_Arabidopsis_thaliana_OX_3702_GN_MYB60_PE_1_SV_1
Azfi_s0004.g008455_Myb_transcription_factor_[0.077] -> Azfi_s0004.g008455_Myb_transcription_factor__0.077_
Azfi_s0021.g015882_Myb_transcription_factor_[0.077] -> Azfi_s0021.g015882_Myb_transcription_factor__0.077_
Azfi_s0113.g045874_Myb_transcription_factor_[0.077] -> Azfi_s0113.g045874_Myb_transcription_factor__0.077_
Azfi_s0014.g013539_Myb_domain_protein_105_[0.161] -> Azfi_s0014.g013539_Myb_domain_protein_105__0.161_

                                                                                                                  Gap/Ambiguity  Composition  p-value
   1  CDC5_XM_024686040.1_XP_024541808.1_cell_division_cycle_5-like_protein                                               7.64%    passed     42.99%
   2  CDC5_XM_002981114.2_XP_002981160.1_cell_division_cycle_5-like_protein__Selaginella_moellendorffii_                  3.47%    passed     35.20%
   3  CDC5_Mapoly0014s0195_PTQ45693.1_hypothetical_protein_MARPO_0014s0195__Marchantia_polymorpha_                        3.47%    passed     45.84%
   4  I_Mapoly0085s0092_PTQ33890.1_hypothetical_protein_MARPO_0085s0092__Marchantia_polymorpha_                          11.81%    passed     99.96%
   5  II_Mapoly0001s0061_PTQ49997.1_hypothetical_protein_MARPO_0001s0061__Marchantia_polymorpha_                          2.78%    passed     79.61%
   6  III_XM_002991980.2_XP_002992026.2_myb-related_protein_B__Selaginella_moellendorffii_                                0.00%    passed     89.50%
   7  III_Mapoly0007s0271_PTQ47916.1_hypothetical_protein_MARPO_0007s0271__Marchantia_polymorpha_                         0.00%    passed     78.42%
   8  III_XM_002971992.2_XP_002972038.2_transcription_factor_MYB1__Selaginella_moellendorffii_                            4.17%    passed     63.73%
   9  IV_MN199005_QIN53281.1_R2R3-MYB_transcription_factor__Selaginella_moellendorffii_                                   2.78%    passed     33.45%
  10  IV_MN199007_QIN53283.1_R2R3-MYB_transcription_factor__Selaginella_moellendorffii_                                   0.00%    passed     62.01%
  11  IV_MN199006_QIN53282.1_R2R3-MYB_transcription_factor__Selaginella_moellendorffii_                                   0.00%    passed     92.93%
  12  IV_Mapoly0032s0153_PTQ41991.1_hypothetical_protein_MARPO_0032s0153__Marchantia_polymorpha_                          0.00%    passed     59.83%
  13  V_Mapoly0008s0029_PTQ47242.1_hypothetical_protein_MARPO_0008s0029__Marchantia_polymorpha_                           0.00%    passed     20.70%
  14  V_XM_002977602.2_XP_002977648.2_uncharacterized_protein_LOC9657152__Selaginella_moellendorffii_                     0.00%    passed     90.41%
  15  V_MN199008_QIN53284.1_R2R3-MYB_transcription_factor__Selaginella_moellendorffii_                                    0.00%    passed     95.78%
  16  V_MN199009_QIN53285.1_R2R3-MYB_transcription_factor__Selaginella_moellendorffii_                                    0.00%    passed     50.80%
  17  V_MN199010_QIN53286.1_R2R3-MYB_transcription_factor__Selaginella_moellendorffii_                                    0.00%    passed     69.00%
  18  VI_g8575.t1_length                                                                                                  0.00%    passed     87.38%
  19  VI_BBG43567_LC221833_MYB_transcription_factor                                                                      18.06%    passed     94.99%
  20  BBG43566_LC221832_Chara_leptospora_mRNA_for_MYB_transcription_factor                                               18.06%    passed     99.15%
  21  VI_Mapoly0019s0071.1                                                                                                0.00%    passed     70.10%
  22  VI_XM_024688730.1__XP_024544498.1                                                                                   2.78%    passed     23.39%
  23  VI_XM_024688389.1_XP_024524157.1_transcription_repressor_MYB4__Selaginella_moellendorffii_                          2.78%    passed     51.49%
  24  VI_Sacu_v1.1_s1503.g028048_Myb_transcription_factor__0.077_                                                        10.42%    passed     74.60%
  25  VI_Sacu_v1.1_s0147.g023157_Myb_transcription_factor__0.077_                                                        19.44%    passed     88.10%
  26  VI_MA_130648p0010_437_residues__                                                                                    0.00%    passed     74.44%
  27  VI_AmTr_v1.0_scaffold00111.43_locus_evm_27.TU.AmTr_v1.0_scaffold00111.43                                            1.39%    passed     61.61%
  28  VII_HAOX-0009745                                                                                                   18.06%    passed     98.93%
  29  VII_Mp3g05910.1                                                                                                     0.00%    passed     98.04%
  30  VII_ENA_MN199011_MN199011.1_Selaginella_moellendorffii                                                              0.00%    passed     96.20%
  31  VII_Sacu_v1.1_s0002.g001222_Myb_transcription_factor__0.077_                                                        0.00%    passed     81.81%
  32  VII_Sacu_v1.1_s0041.g012546_Myb_transcription_factor__0.077_                                                        0.00%    passed     99.77%
  33  VII_Sacu_v1.1_s0272.g027033_Myb_transcription_factor__0.077_                                                        4.86%    passed     85.24%
  34  VII_MA_96853p0010_582_residues__                                                                                    0.00%    passed     99.96%
  35  VII_MA_10208000p0010_602_residues__                                                                                 0.00%    passed     93.01%
  36  VII_MA_20462p0010_470_residues__                                                                                    0.00%    passed     97.48%
  37  VII_AmTr_v1.0_scaffold00038.91                                                                                      0.00%    passed     98.86%
  38  VII_AmTr_v1.0_scaffold00037.85                                                                                      0.00%    passed     94.80%
  39  VIII_MN199016_QIN53292.1_R2R3-MYB_transcription_factor__Selaginella_moellendorffii_                                 2.08%    passed     82.20%
  40  VIII_XM_024668296.1_XP_024524064.1_transcription_factor_MYB26__Selaginella_moellendorffii_                          0.00%    passed     45.62%
  41  VIII_Mapoly0073s0038_PTQ35164.1_hypothetical_protein_MARPO_0073s0038__Marchantia_polymorpha_                        0.00%    passed     96.72%
  42  VIII_Mapoly0006s0226_PTQ48220.1_hypothetical_protein_MARPO_0006s0226__Marchantia_polymorpha_                        0.00%    passed     14.84%
  43  VIII_XM_024680104.1_XP_024535872.1_transcription_factor_MYB8-like__Selaginella_moellendorffii_                      0.00%    passed     67.96%
  44  VIII_MN199020_QIN53296.1_R2R3-MYB_transcription_factor__Selaginella_moellendorffii_                                 0.00%    passed     77.69%
  45  Azfi_s0014.g013584                                                                                                  0.00%    passed     61.74%
  46  Azfi_s0035.g025508                                                                                                  4.86%    passed     52.79%
  47  Azfi_s0041.g026722                                                                                                  0.00%    passed     87.33%
  48  Azfi_s0076.g037908                                                                                                  9.72%    passed     74.59%
  49  Azfi_s0129.g048859                                                                                                  2.78%    passed     50.54%
  50  R1R2R3_MN199004_QIN53280.1_R1R2R3-MYB_protein__Selaginella_moellendorffii_                                          2.78%    passed     84.85%
  51  R1R2R3_Mapoly0036s0107_PTQ41127.1_hypothetical_protein_MARPO_0036s0107__Marchantia_polymorpha_                      2.78%    passed     85.33%
  52  R1R2R3_Mapoly0150s0001_PTQ28976.1_hypothetical_protein_MARPO_0150s0001__Marchantia_polymorpha_                      6.94%    passed     58.88%
  53  II_sp_Q9S7L2_MYB98_ARATH_Transcription_factor_MYB98_OS_Arabidopsis_thaliana_OX_3702_GN_MYB98_PE_2_SV_1              4.17%    passed     37.33%
  54  II_tr_A0A178UF86_A0A178UF86_ARATH_MYB119_OS_Arabidopsis_thaliana_OX_3702_GN_AXX17_At5g58240_PE_4_SV_1               0.00%    passed     59.62%
  55  II_sp_Q9LVW4_MY118_ARATH_Transcription_factor_MYB118_OS_Arabidopsis_thaliana_OX_3702_GN_MYB118_PE_2_SV_1            2.78%    passed     30.19%
  56  III_sp_Q42575_MYB1_ARATH_Transcription_factor_MYB1_OS_Arabidopsis_thaliana_OX_3702_GN_MYB1_PE_2_SV_1                0.00%    passed     58.39%
  57  IV_sp_Q9SN12_MYB77_ARATH_Transcription_factor_MYB77_OS_Arabidopsis_thaliana_OX_3702_GN_MYB77_PE_1_SV_1             14.58%    passed     99.02%
  58  IV_sp_O23160_MYB73_ARATH_Transcription_factor_MYB73_OS_Arabidopsis_thaliana_OX_3702_GN_MYB73_PE_1_SV_1              6.94%    passed     98.54%
  59  V_sp_Q6R0C4_MYB52_ARATH_Transcription_factor_MYB52_OS_Arabidopsis_thaliana_OX_3702_GN_MYB52_PE_2_SV_1              10.42%    passed     49.11%
  60  V_sp_Q6R053_MYB56_ARATH_Transcription_factor_MYB56_OS_Arabidopsis_thaliana_OX_3702_GN_MYB56_PE_1_SV_1               6.94%    passed     92.38%
  61  V_sp_Q9SEZ4_MY105_ARATH_Transcription_factor_MYB105_OS_Arabidopsis_thaliana_OX_3702_GN_MYB105_PE_1_SV_1             0.00%    passed     80.66%
  62  VI_sp_A0A178VEK7_DUO1_ARATH_Transcription_factor_DUO1_OS_Arabidopsis_thaliana_OX_3702_GN_DUO1_AtMYB125_PE_1_SV_1   10.42%    passed     90.14%
  63  VII_sp_O80883_MB101_ARATH_Transcription_factor_MYB101_OS_Arabidopsis_thaliana_OX_3702_GN_MYB101_PE_2_SV_1           0.00%    passed     98.17%
  64  VII_tr_Q9SLH1_Q9SLH1_ARATH_Myb_domain_protein_81_OS_Arabidopsis_thaliana_OX_3702_GN_MYB81_PE_1_SV_1                 0.00%    passed     95.96%
  65  VII_sp_Q8W1W6_MYB33_ARATH_Transcription_factor_MYB33_OS_Arabidopsis_thaliana_OX_3702_GN_MYB33_PE_2_SV_1             0.00%    passed    100.00%
  66  VIII_tr_F4K6R6_F4K6R6_ARATH_Myb_domain_protein_40_OS_Arabidopsis_thaliana_OX_3702_GN_MYB40_PE_4_SV_1                4.17%    passed     31.55%
  67  VIII_sp_Q8GYP5_MYB60_ARATH_Transcription_factor_MYB60_OS_Arabidopsis_thaliana_OX_3702_GN_MYB60_PE_1_SV_1           11.11%    passed     78.91%
  68  Azfi_s0004.g008455_Myb_transcription_factor__0.077_                                                                 0.69%    passed     99.87%
  69  Azfi_s0021.g015882_Myb_transcription_factor__0.077_                                                                 0.00%    passed     98.33%
  70  Azfi_s0113.g045874_Myb_transcription_factor__0.077_                                                                 0.00%    passed     61.50%
  71  Azfi_s0014.g013539_Myb_domain_protein_105__0.161_                                                                   2.78%    passed      5.95%
  72  Azfi_s0009.g011773_Myb_domain_protein_67                                                                           23.61%    passed     25.97%
****  TOTAL                                                                                                               3.65%  0 sequences failed composition chi2 test (p-value<5%; df=19)

Create initial parsimony tree by phylogenetic likelihood library (PLL)... 0.009 seconds
Generating 2000 samples for ultrafast bootstrap (seed: 509982)...

NOTE: 10 MB RAM (0 GB) is required!
Measuring multi-threading efficiency up to 4 CPU cores
Increase to 10 rounds for branch lengths
20 trees examined
Threads: 1 / Time: 4.159 sec / Speedup: 1.000 / Efficiency: 100% / LogL: -16698
Threads: 2 / Time: 3.803 sec / Speedup: 1.094 / Efficiency: 55% / LogL: -16698
Threads: 3 / Time: 3.135 sec / Speedup: 1.327 / Efficiency: 44% / LogL: -16698
BEST NUMBER OF THREADS: 2

Estimate model parameters (epsilon = 0.100)
1. Initial log-likelihood: -11582.011
2. Current log-likelihood: -11403.288
3. Current log-likelihood: -11399.746
4. Current log-likelihood: -11399.404
Optimal log-likelihood: -11399.333
Site proportion and rates:  (0.348,0.121) (0.188,0.404) (0.101,0.781) (0.182,1.490) (0.181,2.931)
Parameters optimization took 4 rounds (0.661 sec)
Computing ML distances based on estimated model parameters... 1.797 sec
Computing BIONJ tree...
0.002 seconds
Log-likelihood of BIONJ tree: -11397.596
--------------------------------------------------------------------
|             INITIALIZING CANDIDATE TREE SET                      |
--------------------------------------------------------------------
Generating 98 parsimony trees... 1.342 second
Computing log-likelihood of 98 initial trees ... 5.109 seconds
Current best score: -11365.606

Do NNI search on 20 best initial trees
Estimate model parameters (epsilon = 0.100)
BETTER TREE FOUND at iteration 1: -11320.762
Iteration 10 / LogL: -11337.087 / Time: 0h:0m:23s
Iteration 20 / LogL: -11330.707 / Time: 0h:0m:27s
Finish initializing candidate tree set (18)
Current best tree score: -11320.762 / CPU time: 14.637
Number of iterations: 20
--------------------------------------------------------------------
|               OPTIMIZING CANDIDATE TREE SET                      |
--------------------------------------------------------------------
Estimate model parameters (epsilon = 0.100)
BETTER TREE FOUND at iteration 22: -11319.627
Iteration 30 / LogL: -11320.241 / Time: 0h:0m:31s (0h:1m:40s left)
Iteration 40 / LogL: -11329.423 / Time: 0h:0m:35s (0h:1m:13s left)
Iteration 50 / LogL: -11323.542 / Time: 0h:0m:38s (0h:0m:57s left)
Log-likelihood cutoff on original alignment: -11372.322
Iteration 60 / LogL: -11325.959 / Time: 0h:0m:43s (0h:0m:45s left)
Iteration 70 / LogL: -11325.690 / Time: 0h:0m:46s (0h:0m:34s left)
Iteration 80 / LogL: -11324.775 / Time: 0h:0m:49s (0h:0m:26s left)
Iteration 90 / LogL: -11321.176 / Time: 0h:0m:53s (0h:0m:19s left)
Iteration 100 / LogL: -11322.358 / Time: 0h:0m:56s (0h:0m:12s left)
Log-likelihood cutoff on original alignment: -11372.322
NOTE: Bootstrap correlation coefficient of split occurrence frequencies: 0.997
Iteration 110 / LogL: -11319.852 / Time: 0h:1m:0s (0h:0m:49s left)
Iteration 120 / LogL: -11321.589 / Time: 0h:1m:3s (0h:0m:42s left)
TREE SEARCH COMPLETED AFTER 123 ITERATIONS / Time: 0h:1m:4s

--------------------------------------------------------------------
|                    FINALIZING TREE SEARCH                        |
--------------------------------------------------------------------
Performs final model parameters optimization
Estimate model parameters (epsilon = 0.010)
1. Initial log-likelihood: -11319.627
Optimal log-likelihood: -11319.616
Site proportion and rates:  (0.369,0.125) (0.164,0.419) (0.104,0.794) (0.197,1.517) (0.166,3.035)
Parameters optimization took 1 rounds (0.157 sec)
BEST SCORE FOUND : -11319.616

Testing tree branches by SH-like aLRT with 2000 replicates...
0.249 sec.
Creating bootstrap support values...
Split supports printed to NEXUS file analyses/combi-I-to-VIII-Azfi-Arabidopsis_sequences_linear_trees/aligned-mafft-einsi_trim-gt8/combi-I-to-VIII-Azfi-Arabidopsis_sequences_linear_aligned-mafft-einsi_trim-gt8_iqtree-bb2000-alrt2000.splits.nex
Total tree length: 36.812

Total number of iterations: 123
CPU time used for tree search: 96.345 sec (0h:1m:36s)
Wall-clock time used for tree search: 51.731 sec (0h:0m:51s)
Total CPU time used: 119.902 sec (0h:1m:59s)
Total wall-clock time used: 65.381 sec (0h:1m:5s)

Computing bootstrap consensus tree...
Reading input file analyses/combi-I-to-VIII-Azfi-Arabidopsis_sequences_linear_trees/aligned-mafft-einsi_trim-gt8/combi-I-to-VIII-Azfi-Arabidopsis_sequences_linear_aligned-mafft-einsi_trim-gt8_iqtree-bb2000-alrt2000.splits.nex...
72 taxa and 558 splits.
Consensus tree written to analyses/combi-I-to-VIII-Azfi-Arabidopsis_sequences_linear_trees/aligned-mafft-einsi_trim-gt8/combi-I-to-VIII-Azfi-Arabidopsis_sequences_linear_aligned-mafft-einsi_trim-gt8_iqtree-bb2000-alrt2000.contree
Reading input trees file analyses/combi-I-to-VIII-Azfi-Arabidopsis_sequences_linear_trees/aligned-mafft-einsi_trim-gt8/combi-I-to-VIII-Azfi-Arabidopsis_sequences_linear_aligned-mafft-einsi_trim-gt8_iqtree-bb2000-alrt2000.contree
Log-likelihood of consensus tree: -11319.616

Analysis results written to: 
  IQ-TREE report:                analyses/combi-I-to-VIII-Azfi-Arabidopsis_sequences_linear_trees/aligned-mafft-einsi_trim-gt8/combi-I-to-VIII-Azfi-Arabidopsis_sequences_linear_aligned-mafft-einsi_trim-gt8_iqtree-bb2000-alrt2000.iqtree
  Maximum-likelihood tree:       analyses/combi-I-to-VIII-Azfi-Arabidopsis_sequences_linear_trees/aligned-mafft-einsi_trim-gt8/combi-I-to-VIII-Azfi-Arabidopsis_sequences_linear_aligned-mafft-einsi_trim-gt8_iqtree-bb2000-alrt2000.treefile
  Likelihood distances:          analyses/combi-I-to-VIII-Azfi-Arabidopsis_sequences_linear_trees/aligned-mafft-einsi_trim-gt8/combi-I-to-VIII-Azfi-Arabidopsis_sequences_linear_aligned-mafft-einsi_trim-gt8_iqtree-bb2000-alrt2000.mldist

Ultrafast bootstrap approximation results written to:
  Split support values:          analyses/combi-I-to-VIII-Azfi-Arabidopsis_sequences_linear_trees/aligned-mafft-einsi_trim-gt8/combi-I-to-VIII-Azfi-Arabidopsis_sequences_linear_aligned-mafft-einsi_trim-gt8_iqtree-bb2000-alrt2000.splits.nex
  Consensus tree:                analyses/combi-I-to-VIII-Azfi-Arabidopsis_sequences_linear_trees/aligned-mafft-einsi_trim-gt8/combi-I-to-VIII-Azfi-Arabidopsis_sequences_linear_aligned-mafft-einsi_trim-gt8_iqtree-bb2000-alrt2000.contree
  Screen log file:               analyses/combi-I-to-VIII-Azfi-Arabidopsis_sequences_linear_trees/aligned-mafft-einsi_trim-gt8/combi-I-to-VIII-Azfi-Arabidopsis_sequences_linear_aligned-mafft-einsi_trim-gt8_iqtree-bb2000-alrt2000.log

Date and Time: Thu Aug  6 13:19:52 2020
