IQ-TREE multicore version 1.6.12 for Linux 64-bit built Mar 16 2020
Developed by Bui Quang Minh, Nguyen Lam Tung, Olga Chernomor,
Heiko Schmidt, Dominik Schrempf, Michael Woodhams.

Host:    laura-desktop (AVX2, FMA3, 31 GB RAM)
Command: iqtree -s data/alignments_trimmed/combi-VI-VII-Azfisuspects_aligned-mafft-linsi_trim-gt4.fasta -m MFP -bb 2000 -alrt 2000 -nt AUTO -ntmax 8 -pre analyses/combi-VI-VII-Azfisuspects_trees/aligned-mafft-linsi_trim-gt4/combi-VI-VII-Azfisuspects_aligned-mafft-linsi_trim-gt4_iqtree-bb2000-alrt2000
Seed:    905248 (Using SPRNG - Scalable Parallel Random Number Generator)
Time:    Mon Aug  3 16:08:17 2020
Kernel:  AVX+FMA - auto-detect threads (8 CPU cores detected)

Reading alignment file data/alignments_trimmed/combi-VI-VII-Azfisuspects_aligned-mafft-linsi_trim-gt4.fasta ... Fasta format detected
Alignment most likely contains protein sequences
Alignment has 29 sequences with 498 columns, 494 distinct patterns
442 parsimony-informative, 43 singleton sites, 13 constant sites
WARNING: Some sequence names are changed as follows:
XM_024688730.1_>XP_024544498.1 -> XM_024688730.1__XP_024544498.1
XM_024688710_>XP_024544478.1_pentatricopeptide_repeat-containing_protein_At1g11290 -> XM_024688710__XP_024544478.1_pentatricopeptide_repeat-containing_protein_At1g11290
XM_024688389.1_XP_024524157.1_transcription_repressor_MYB4_[Selaginella_moellendorffii] -> XM_024688389.1_XP_024524157.1_transcription_repressor_MYB4__Selaginella_moellendorffii_
Sacu_v1.1_s1503.g028048_Myb_transcription_factor_[0.077] -> Sacu_v1.1_s1503.g028048_Myb_transcription_factor__0.077_
Sacu_v1.1_s0147.g023157_Myb_transcription_factor_[0.077] -> Sacu_v1.1_s0147.g023157_Myb_transcription_factor__0.077_
MA_130648p0010[437_residues]_ -> MA_130648p0010_437_residues__
AmTr_v1.0_scaffold00111.43_locus=evm_27.TU.AmTr_v1.0_scaffold00111.43 -> AmTr_v1.0_scaffold00111.43_locus_evm_27.TU.AmTr_v1.0_scaffold00111.43
ENA|MN199011|MN199011.1_Selaginella_moellendorffii -> ENA_MN199011_MN199011.1_Selaginella_moellendorffii
Sacu_v1.1_s0002.g001222_Myb_transcription_factor_[0.077] -> Sacu_v1.1_s0002.g001222_Myb_transcription_factor__0.077_
Sacu_v1.1_s0041.g012546_Myb_transcription_factor_[0.077] -> Sacu_v1.1_s0041.g012546_Myb_transcription_factor__0.077_
Sacu_v1.1_s0272.g027033_Myb_transcription_factor_[0.077] -> Sacu_v1.1_s0272.g027033_Myb_transcription_factor__0.077_
MA_96853p0010[582_residues]_ -> MA_96853p0010_582_residues__
MA_10208000p0010[602_residues]_ -> MA_10208000p0010_602_residues__
MA_20462p0010[470_residues]_ -> MA_20462p0010_470_residues__

                                                                                         Gap/Ambiguity  Composition  p-value
   1  g8575.t1_length                                                                            1.61%    failed      0.00%
   2  BBG43567_LC221833_MYB_transcription_factor                                                70.28%    passed     23.02%
   3  BBG43566_LC221832_Chara_leptospora_mRNA_for_MYB_transcription_factor                      75.30%    passed     15.20%
   4  Mapoly0019s0071.1                                                                         32.73%    passed     23.25%
   5  XM_024688730.1__XP_024544498.1                                                            33.53%    failed      0.63%
   6  XM_024688710__XP_024544478.1_pentatricopeptide_repeat-containing_protein_At1g11290        22.09%    failed      0.00%
   7  XM_024688389.1_XP_024524157.1_transcription_repressor_MYB4__Selaginella_moellendorffii_   24.10%    passed     11.98%
   8  Sacu_v1.1_s1503.g028048_Myb_transcription_factor__0.077_                                  68.47%    passed     63.37%
   9  Sacu_v1.1_s0147.g023157_Myb_transcription_factor__0.077_                                  72.29%    passed     71.16%
  10  MA_130648p0010_437_residues__                                                             24.30%    passed     21.43%
  11  AmTr_v1.0_scaffold00111.43_locus_evm_27.TU.AmTr_v1.0_scaffold00111.43                     43.98%    failed      0.00%
  12  Azfi_s0004.g008455                                                                        14.66%    passed     29.21%
  13  Azfi_s0014.g013584                                                                        26.10%    passed     10.12%
  14  Azfi_s0021.g015882                                                                         8.84%    passed     39.88%
  15  Azfi_s0035.g025508                                                                        51.81%    failed      0.06%
  16  Azfi_s0041.g026722                                                                        30.52%    failed      0.00%
  17  Azfi_s0076.g037908                                                                        67.87%    passed     77.54%
  18  Azfi_s0129.g048859                                                                        25.90%    failed      0.38%
  19  HAOX-0009745                                                                              69.28%    passed     12.82%
  20  Mp3g05910.1                                                                               10.84%    passed     36.21%
  21  ENA_MN199011_MN199011.1_Selaginella_moellendorffii                                        29.32%    passed      5.97%
  22  Sacu_v1.1_s0002.g001222_Myb_transcription_factor__0.077_                                   5.02%    passed     95.82%
  23  Sacu_v1.1_s0041.g012546_Myb_transcription_factor__0.077_                                   8.63%    passed     72.59%
  24  Sacu_v1.1_s0272.g027033_Myb_transcription_factor__0.077_                                  14.26%    failed      2.91%
  25  MA_96853p0010_582_residues__                                                               8.84%    passed     74.83%
  26  MA_10208000p0010_602_residues__                                                            5.82%    passed     66.13%
  27  MA_20462p0010_470_residues__                                                              23.69%    passed     86.67%
  28  AmTr_v1.0_scaffold00038.91                                                                 6.02%    passed     34.11%
  29  AmTr_v1.0_scaffold00037.85                                                                13.86%    passed     10.15%
WARNING: 7 sequences contain more than 50% gaps/ambiguity
****  TOTAL                                                                                     30.69%  8 sequences failed composition chi2 test (p-value<5%; df=19)


Create initial parsimony tree by phylogenetic likelihood library (PLL)... 0.007 seconds
NOTE: ModelFinder requires 27 MB RAM!
ModelFinder will test 546 protein models (sample size: 498) ...
 No. Model         -LnL         df  AIC          AICc         BIC
Measuring multi-threading efficiency up to 8 CPU cores
Increase to 10 rounds for branch lengths
193 trees examined
Threads: 1 / Time: 8.013 sec / Speedup: 1.000 / Efficiency: 100% / LogL: -22493
Threads: 2 / Time: 4.898 sec / Speedup: 1.636 / Efficiency: 82% / LogL: -22493
Threads: 3 / Time: 3.669 sec / Speedup: 2.184 / Efficiency: 73% / LogL: -22493
Threads: 4 / Time: 3.078 sec / Speedup: 2.604 / Efficiency: 65% / LogL: -22493
Threads: 5 / Time: 3.540 sec / Speedup: 2.264 / Efficiency: 45% / LogL: -22493
BEST NUMBER OF THREADS: 4

  1  Dayhoff       20449.398    55  41008.796    41022.733    41240.379
  2  Dayhoff+I     20344.560    56  40801.120    40815.596    41036.914
  3  Dayhoff+G4    19622.718    56  39357.437    39371.913    39593.230
  4  Dayhoff+I+G4  19614.434    57  39342.867    39357.894    39582.871
  5  Dayhoff+R2    19716.704    57  39547.407    39562.434    39787.411
  6  Dayhoff+R3    19625.884    59  39369.768    39385.932    39618.193
  7  Dayhoff+R4    19608.820    61  39339.641    39356.989    39596.487
  8  Dayhoff+R5    19600.564    63  39327.127    39345.708    39592.395
  9  Dayhoff+R6    19596.416    65  39322.832    39342.693    39596.521
 14  Dayhoff+F     20407.429    74  40962.858    40989.099    41274.442
 15  Dayhoff+F+I   20294.381    75  40738.763    40765.777    41054.558
 16  Dayhoff+F+G4  19507.429    75  39164.859    39191.873    39480.654
 17  Dayhoff+F+I+G4 19499.187    76  39150.375    39178.175    39470.380
 18  Dayhoff+F+R2  19615.566    76  39383.132    39410.932    39703.137
 19  Dayhoff+F+R3  19520.228    78  39196.457    39225.870    39524.884
 20  Dayhoff+F+R4  19500.404    80  39160.809    39191.888    39497.657
 21  Dayhoff+F+R5  19491.080    82  39146.159    39178.959    39491.429
 22  Dayhoff+F+R6  19485.254    84  39138.507    39173.084    39492.198
 27  mtMAM         21739.320    55  43588.640    43602.577    43820.223
 28  mtMAM+I       21600.089    56  43312.179    43326.655    43547.972
 29  mtMAM+G4      20429.093    56  40970.186    40984.662    41205.980
 30  mtMAM+I+G4    20425.205    57  40964.410    40979.437    41204.414
 31  mtMAM+R2      20662.554    57  41439.107    41454.135    41679.112
 32  mtMAM+R3      20506.662    59  41131.324    41147.489    41379.750
 33  mtMAM+R4      20452.561    61  41027.123    41044.471    41283.969
 34  mtMAM+R5      20424.836    63  40975.672    40994.252    41240.940
 35  mtMAM+R6      20406.810    65  40943.619    40963.481    41217.308
 36  mtMAM+R7      20390.120    67  40914.241    40935.431    41196.351
 37  mtMAM+R8      20383.823    69  40905.646    40928.216    41196.178
 38  mtMAM+R9      20380.378    71  40902.756    40926.756    41201.709
 40  mtMAM+F       20795.631    74  41739.263    41765.504    42050.847
 41  mtMAM+F+I     20668.916    75  41487.832    41514.846    41803.627
 42  mtMAM+F+G4    19645.783    75  39441.566    39468.580    39757.361
 43  mtMAM+F+I+G4  19642.238    76  39436.475    39464.276    39756.481
 44  mtMAM+F+R2    19825.896    76  39803.792    39831.593    40123.798
 45  mtMAM+F+R3    19687.515    78  39531.029    39560.442    39859.456
 46  mtMAM+F+R4    19647.777    80  39455.554    39486.633    39792.402
 47  mtMAM+F+R5    19630.731    82  39425.461    39458.261    39770.731
 48  mtMAM+F+R6    19622.844    84  39413.687    39448.264    39767.378
 49  mtMAM+F+R7    19617.419    86  39406.839    39443.248    39768.950
 53  JTT           20246.532    55  40603.063    40617.000    40834.646
 54  JTT+I         20137.335    56  40386.671    40401.147    40622.464
 55  JTT+G4        19476.192    56  39064.383    39078.859    39300.177
 56  JTT+I+G4      19468.816    57  39051.631    39066.658    39291.635
 57  JTT+R2        19544.645    57  39203.289    39218.317    39443.294
 58  JTT+R3        19464.008    59  39046.016    39062.180    39294.441
 59  JTT+R4        19453.525    61  39029.051    39046.399    39285.897
 60  JTT+R5        19447.814    63  39021.628    39040.208    39286.895
 66  JTT+F         20226.187    74  40600.373    40626.614    40911.957
 67  JTT+F+I       20115.049    75  40380.098    40407.112    40695.893
 68  JTT+F+G4      19402.175    75  38954.351    38981.365    39270.146
 69  JTT+F+I+G4    19395.366    76  38942.732    38970.533    39262.738
 70  JTT+F+R2      19479.788    76  39111.577    39139.377    39431.583
 71  JTT+F+R3      19397.102    78  38950.205    38979.618    39278.632
 72  JTT+F+R4      19383.653    80  38927.307    38958.386    39264.155
 73  JTT+F+R5      19377.197    82  38918.393    38951.193    39263.662
 74  JTT+F+R6      19373.660    84  38915.319    38949.895    39269.009
 79  WAG           20305.000    55  40720.000    40733.937    40951.583
 80  WAG+I         20202.700    56  40517.399    40531.876    40753.193
 81  WAG+G4        19551.536    56  39215.073    39229.549    39450.867
 82  WAG+I+G4      19545.873    57  39205.747    39220.774    39445.751
 83  WAG+R2        19618.234    57  39350.468    39365.495    39590.472
 84  WAG+R3        19539.292    59  39196.584    39212.749    39445.010
 85  WAG+R4        19527.819    61  39177.637    39194.986    39434.484
 86  WAG+R5        19522.824    63  39171.648    39190.228    39436.915
 92  WAG+F         20244.532    74  40637.065    40663.306    40948.649
 93  WAG+F+I       20140.518    75  40431.036    40458.050    40746.831
 94  WAG+F+G4      19439.117    75  39028.235    39055.249    39344.030
 95  WAG+F+I+G4    19433.910    76  39019.819    39047.620    39339.825
 96  WAG+F+R2      19511.260    76  39174.520    39202.320    39494.525
 97  WAG+F+R3      19432.284    78  39020.568    39049.980    39348.994
 98  WAG+F+R4      19418.097    80  38996.194    39027.273    39333.042
 99  WAG+F+R5      19412.401    82  38988.802    39021.602    39334.071
105  cpREV         20551.274    55  41212.547    41226.484    41444.130
106  cpREV+I       20456.425    56  41024.849    41039.325    41260.643
107  cpREV+G4      19696.863    56  39505.727    39520.203    39741.520
108  cpREV+I+G4    19694.580    57  39503.160    39518.187    39743.164
109  cpREV+R2      19817.302    57  39748.604    39763.631    39988.608
110  cpREV+R3      19707.536    59  39533.072    39549.236    39781.497
111  cpREV+R4      19685.573    61  39493.145    39510.494    39749.992
112  cpREV+R5      19676.956    63  39479.911    39498.492    39745.179
113  cpREV+R6      19673.770    65  39477.540    39497.401    39751.229
118  cpREV+F       20455.331    74  41058.663    41084.904    41370.247
119  cpREV+F+I     20354.698    75  40859.395    40886.410    41175.190
120  cpREV+F+G4    19500.132    75  39150.263    39177.277    39466.058
121  cpREV+F+I+G4  19497.605    76  39147.211    39175.011    39467.216
122  cpREV+F+R2    19622.939    76  39397.878    39425.678    39717.883
123  cpREV+F+R3    19521.694    78  39199.389    39228.802    39527.816
124  cpREV+F+R4    19495.265    80  39150.531    39181.610    39487.379
125  cpREV+F+R5    19482.245    82  39128.491    39161.291    39473.760
126  cpREV+F+R6    19476.049    84  39120.098    39154.675    39473.789
131  mtREV         21195.434    55  42500.869    42514.805    42732.452
132  mtREV+I       21088.773    56  42289.546    42304.022    42525.339
133  mtREV+G4      20211.163    56  40534.325    40548.802    40770.119
134  mtREV+I+G4    20206.189    57  40526.378    40541.405    40766.382
135  mtREV+R2      20339.693    57  40793.385    40808.413    41033.390
136  mtREV+R3      20234.766    59  40587.531    40603.695    40835.956
137  mtREV+R4      20203.616    61  40529.231    40546.580    40786.078
138  mtREV+R5      20191.370    63  40508.741    40527.322    40774.009
139  mtREV+R6      20186.551    65  40503.101    40522.962    40776.790
144  mtREV+F       20488.248    74  41124.495    41150.736    41436.080
145  mtREV+F+I     20389.215    75  40928.430    40955.445    41244.225
146  mtREV+F+G4    19533.521    75  39217.043    39244.057    39532.838
147  mtREV+F+I+G4  19530.091    76  39212.181    39239.982    39532.187
148  mtREV+F+R2    19659.071    76  39470.141    39497.942    39790.147
149  mtREV+F+R3    19550.199    78  39256.399    39285.812    39584.826
150  mtREV+F+R4    19523.998    80  39207.996    39239.075    39544.844
151  mtREV+F+R5    19514.416    82  39192.832    39225.632    39538.101
152  mtREV+F+R6    19510.936    84  39189.872    39224.448    39543.562
157  rtREV         20489.490    55  41088.980    41102.917    41320.563
158  rtREV+I       20378.066    56  40868.132    40882.608    41103.925
159  rtREV+G4      19751.847    56  39615.694    39630.170    39851.487
160  rtREV+I+G4    19743.402    57  39600.804    39615.831    39840.808
161  rtREV+R2      19823.014    57  39760.028    39775.056    40000.032
162  rtREV+R3      19745.868    59  39609.736    39625.900    39858.161
163  rtREV+R4      19732.935    61  39587.869    39605.218    39844.716
164  rtREV+R5      19727.676    63  39581.351    39599.932    39846.619
170  rtREV+F       20218.670    74  40585.340    40611.581    40896.925
171  rtREV+F+I     20103.671    75  40357.343    40384.357    40673.138
172  rtREV+F+G4    19423.220    75  38996.440    39023.454    39312.235
173  rtREV+F+I+G4  19414.909    76  38981.818    39009.619    39301.824
174  rtREV+F+R2    19500.985    76  39153.970    39181.771    39473.976
175  rtREV+F+R3    19420.838    78  38997.676    39027.089    39326.103
176  rtREV+F+R4    19406.520    80  38973.040    39004.119    39309.888
177  rtREV+F+R5    19400.321    82  38964.641    38997.441    39309.910
183  mtART         21694.522    55  43499.045    43512.981    43730.628
184  mtART+I       21518.633    56  43149.266    43163.742    43385.060
185  mtART+G4      20422.861    56  40957.721    40972.197    41193.515
186  mtART+I+G4    20414.423    57  40942.847    40957.874    41182.851
187  mtART+R2      20639.412    57  41392.823    41407.850    41632.827
188  mtART+R3      20499.554    59  41117.108    41133.273    41365.534
189  mtART+R4      20443.885    61  41009.771    41027.120    41266.618
190  mtART+R5      20417.647    63  40961.293    40979.874    41226.561
191  mtART+R6      20402.533    65  40935.065    40954.926    41208.754
192  mtART+R7      20392.933    67  40919.865    40941.056    41201.975
193  mtART+R8      20388.477    69  40914.954    40937.524    41205.486
196  mtART+F       20858.623    74  41865.245    41891.486    42176.829
197  mtART+F+I     20705.008    75  41560.017    41587.031    41875.812
198  mtART+F+G4    19646.798    75  39443.596    39470.610    39759.391
199  mtART+F+I+G4  19642.315    76  39436.631    39464.431    39756.637
200  mtART+F+R2    19847.824    76  39847.647    39875.448    40167.653
201  mtART+F+R3    19717.614    78  39591.228    39620.641    39919.655
202  mtART+F+R4    19670.129    80  39500.257    39531.336    39837.105
203  mtART+F+R5    19645.418    82  39454.837    39487.637    39800.106
204  mtART+F+R6    19631.812    84  39431.623    39466.199    39785.313
205  mtART+F+R7    19623.507    86  39419.014    39455.423    39781.126
206  mtART+F+R8    19619.858    88  39415.716    39454.014    39786.249
209  mtZOA         21213.394    55  42536.788    42550.725    42768.371
210  mtZOA+I       21052.291    56  42216.582    42231.058    42452.376
211  mtZOA+G4      20107.565    56  40327.130    40341.606    40562.924
212  mtZOA+I+G4    20100.202    57  40314.403    40329.431    40554.408
213  mtZOA+R2      20276.958    57  40667.916    40682.944    40907.921
214  mtZOA+R3      20155.490    59  40428.980    40445.144    40677.405
215  mtZOA+R4      20116.462    61  40354.924    40372.273    40611.771
216  mtZOA+R5      20097.636    63  40321.273    40339.853    40586.540
217  mtZOA+R6      20087.679    65  40305.357    40325.218    40579.046
218  mtZOA+R7      20081.270    67  40296.540    40317.730    40578.650
219  mtZOA+R8      20079.731    69  40297.462    40320.032    40587.993
222  mtZOA+F       20657.726    74  41463.452    41489.693    41775.036
223  mtZOA+F+I     20511.915    75  41173.830    41200.844    41489.625
224  mtZOA+F+G4    19557.000    75  39264.000    39291.014    39579.795
225  mtZOA+F+I+G4  19550.400    76  39252.800    39280.601    39572.806
226  mtZOA+F+R2    19732.011    76  39616.022    39643.822    39936.027
227  mtZOA+F+R3    19603.064    78  39362.129    39391.541    39690.555
228  mtZOA+F+R4    19566.679    80  39293.358    39324.437    39630.206
229  mtZOA+F+R5    19549.596    82  39263.191    39295.991    39608.460
230  mtZOA+F+R6    19540.306    84  39248.611    39283.187    39602.301
231  mtZOA+F+R7    19532.034    86  39236.068    39272.476    39598.179
232  mtZOA+F+R8    19529.743    88  39235.487    39273.785    39606.020
235  VT            20176.642    55  40463.284    40477.220    40694.867
236  VT+I          20070.552    56  40253.103    40267.579    40488.897
237  VT+G4         19508.073    56  39128.146    39142.622    39363.939
238  VT+I+G4       19501.190    57  39116.379    39131.407    39356.384
239  VT+R2         19545.614    57  39205.229    39220.256    39445.233
240  VT+R3         19483.299    59  39084.598    39100.762    39333.023
241  VT+R4         19477.973    61  39077.946    39095.295    39334.793
248  VT+F          20118.767    74  40385.534    40411.775    40697.118
249  VT+F+I        20013.258    75  40176.516    40203.530    40492.311
250  VT+F+G4       19415.092    75  38980.184    39007.198    39295.979
251  VT+F+I+G4     19408.858    76  38969.717    38997.517    39289.722
252  VT+F+R2       19460.787    76  39073.574    39101.374    39393.579
253  VT+F+R3       19396.902    78  38949.803    38979.216    39278.230
254  VT+F+R4       19389.721    80  38939.442    38970.521    39276.290
255  VT+F+R5       19385.484    82  38934.968    38967.768    39280.237
261  LG            20403.605    55  40917.209    40931.146    41148.792
262  LG+I          20284.301    56  40680.601    40695.078    40916.395
263  LG+G4         19582.324    56  39276.648    39291.124    39512.441
264  LG+I+G4       19575.778    57  39265.555    39280.582    39505.559
265  LG+R2         19669.834    57  39453.668    39468.695    39693.672
266  LG+R3         19581.778    59  39281.556    39297.721    39529.982
267  LG+R4         19567.229    61  39256.457    39273.806    39513.304
268  LG+R5         19560.338    63  39246.675    39265.256    39511.943
269  LG+R6         19557.680    65  39245.360    39265.221    39519.049
274  LG+F          20272.590    74  40693.180    40719.421    41004.765
275  LG+F+I        20153.300    75  40456.599    40483.613    40772.394
276  LG+F+G4       19404.026    75  38958.051    38985.065    39273.846
277  LG+F+I+G4     19397.425    76  38946.851    38974.651    39266.856
278  LG+F+R2       19495.733    76  39143.466    39171.267    39463.472
279  LG+F+R3       19408.903    78  38973.806    39003.219    39302.232
280  LG+F+R4       19393.069    80  38946.138    38977.217    39282.986
281  LG+F+R5       19384.962    82  38933.925    38966.725    39279.194
282  LG+F+R6       19381.514    84  38931.029    38965.605    39284.719
287  DCMut         20445.925    55  41001.850    41015.787    41233.433
288  DCMut+I       20341.228    56  40794.455    40808.932    41030.249
289  DCMut+G4      19622.339    56  39356.677    39371.154    39592.471
290  DCMut+I+G4    19614.023    57  39342.046    39357.073    39582.050
291  DCMut+R2      19711.484    57  39536.967    39551.995    39776.972
292  DCMut+R3      19626.316    59  39370.632    39386.797    39619.058
293  DCMut+R4      19613.635    61  39349.270    39366.618    39606.116
294  DCMut+R5      19604.626    63  39335.252    39353.832    39600.519
295  DCMut+R6      19599.683    65  39329.366    39349.227    39603.055
300  DCMut+F       20403.647    74  40955.294    40981.535    41266.879
301  DCMut+F+I     20290.783    75  40731.565    40758.580    41047.360
302  DCMut+F+G4    19506.858    75  39163.715    39190.729    39479.510
303  DCMut+F+I+G4  19498.594    76  39149.189    39176.989    39469.194
304  DCMut+F+R2    19606.709    76  39365.418    39393.219    39685.424
305  DCMut+F+R3    19520.415    78  39196.830    39226.243    39525.256
306  DCMut+F+R4    19504.737    80  39169.475    39200.554    39506.323
307  DCMut+F+R5    19495.886    82  39155.771    39188.571    39501.040
308  DCMut+F+R6    19491.123    84  39150.246    39184.822    39503.936
313  PMB           20276.523    55  40663.046    40676.983    40894.629
314  PMB+I         20169.542    56  40451.083    40465.559    40686.877
315  PMB+G4        19621.989    56  39355.978    39370.454    39591.772
316  PMB+I+G4      19615.278    57  39344.557    39359.584    39584.561
317  PMB+R2        19651.158    57  39416.317    39431.344    39656.321
318  PMB+R3        19590.263    59  39298.527    39314.691    39546.952
319  PMB+R4        19585.958    61  39293.917    39311.265    39550.763
326  PMB+F         20196.329    74  40540.659    40566.900    40852.243
327  PMB+F+I       20089.775    75  40329.550    40356.564    40645.345
328  PMB+F+G4      19498.470    75  39146.940    39173.954    39462.735
329  PMB+F+I+G4    19492.416    76  39136.833    39164.633    39456.839
330  PMB+F+R2      19537.069    76  39226.138    39253.939    39546.144
331  PMB+F+R3      19474.332    78  39104.663    39134.076    39433.090
332  PMB+F+R4      19468.154    80  39096.308    39127.387    39433.156
339  HIVb          20874.956    55  41859.913    41873.849    42091.496
340  HIVb+I        20753.636    56  41619.272    41633.748    41855.066
341  HIVb+G4       19868.498    56  39848.996    39863.473    40084.790
342  HIVb+I+G4     19864.217    57  39842.435    39857.462    40082.439
343  HIVb+R2       19986.712    57  40087.425    40102.452    40327.429
344  HIVb+R3       19877.508    59  39873.016    39889.180    40121.441
345  HIVb+R4       19856.701    61  39835.402    39852.751    40092.249
346  HIVb+R5       19843.404    63  39812.808    39831.389    40078.076
347  HIVb+R6       19838.986    65  39807.972    39827.833    40081.661
352  HIVb+F        20680.357    74  41508.714    41534.955    41820.298
353  HIVb+F+I      20558.028    75  41266.056    41293.070    41581.851
354  HIVb+F+G4     19573.435    75  39296.870    39323.884    39612.665
355  HIVb+F+I+G4   19570.421    76  39292.842    39320.642    39612.848
356  HIVb+F+R2     19706.926    76  39565.852    39593.653    39885.858
357  HIVb+F+R3     19595.748    78  39347.496    39376.909    39675.923
358  HIVb+F+R4     19571.698    80  39303.396    39334.475    39640.244
359  HIVb+F+R5     19556.163    82  39276.327    39309.127    39621.596
360  HIVb+F+R6     19549.809    84  39267.618    39302.194    39621.308
361  HIVb+F+R7     19543.401    86  39258.801    39295.210    39620.913
362  HIVb+F+R8     19542.941    88  39261.882    39300.181    39632.415
365  HIVw          21639.457    55  43388.913    43402.850    43620.496
366  HIVw+I        21487.837    56  43087.675    43102.151    43323.468
367  HIVw+G4       20489.298    56  41090.596    41105.072    41326.390
368  HIVw+I+G4     20483.460    57  41080.920    41095.948    41320.924
369  HIVw+R2       20665.245    57  41444.491    41459.518    41684.495
370  HIVw+R3       20538.961    59  41195.921    41212.086    41444.347
371  HIVw+R4       20511.307    61  41144.614    41161.963    41401.461
372  HIVw+R5       20490.419    63  41106.838    41125.418    41372.105
373  HIVw+R6       20480.184    65  41090.368    41110.230    41364.057
374  HIVw+R7       20467.990    67  41069.980    41091.170    41352.090
375  HIVw+R8       20466.337    69  41070.673    41093.243    41361.204
378  HIVw+F        21129.102    74  42406.204    42432.445    42717.788
379  HIVw+F+I      20984.083    75  42118.167    42145.181    42433.962
380  HIVw+F+G4     19934.146    75  40018.292    40045.306    40334.087
381  HIVw+F+I+G4   19930.301    76  40012.603    40040.403    40332.608
382  HIVw+F+R2     20101.975    76  40355.950    40383.751    40675.956
383  HIVw+F+R3     19985.485    78  40126.969    40156.382    40455.396
384  HIVw+F+R4     19957.235    80  40074.471    40105.550    40411.319
385  HIVw+F+R5     19935.981    82  40035.963    40068.763    40381.232
386  HIVw+F+R6     19924.957    84  40017.913    40052.489    40371.604
387  HIVw+F+R7     19911.751    86  39995.502    40031.911    40357.614
388  HIVw+F+R8     19909.460    88  39994.919    40033.217    40365.452
391  JTTDCMut      20251.282    55  40612.564    40626.500    40844.147
392  JTTDCMut+I    20143.405    56  40398.809    40413.286    40634.603
393  JTTDCMut+G4   19480.072    56  39072.144    39086.621    39307.938
394  JTTDCMut+I+G4 19472.846    57  39059.692    39074.719    39299.696
395  JTTDCMut+R2   19546.407    57  39206.814    39221.842    39446.819
396  JTTDCMut+R3   19468.307    59  39054.614    39070.778    39303.039
397  JTTDCMut+R4   19460.872    61  39043.744    39061.093    39300.591
398  JTTDCMut+R5   19454.985    63  39035.969    39054.550    39301.237
404  JTTDCMut+F    20226.315    74  40600.630    40626.871    40912.214
405  JTTDCMut+F+I  20116.487    75  40382.974    40409.988    40698.769
406  JTTDCMut+F+G4 19401.841    75  38953.682    38980.697    39269.477
407  JTTDCMut+F+I+G4 19395.141    76  38942.282    38970.082    39262.287
408  JTTDCMut+F+R2 19475.562    76  39103.123    39130.924    39423.129
409  JTTDCMut+F+R3 19396.725    78  38949.450    38978.863    39277.877
410  JTTDCMut+F+R4 19387.049    80  38934.098    38965.177    39270.946
411  JTTDCMut+F+R5 19379.707    82  38923.414    38956.214    39268.683
412  JTTDCMut+F+R6 19376.321    84  38920.642    38955.218    39274.332
417  FLU           20885.502    55  41881.003    41894.940    42112.587
418  FLU+I         20748.397    56  41608.794    41623.270    41844.588
419  FLU+G4        19824.936    56  39761.873    39776.349    39997.666
420  FLU+I+G4      19816.973    57  39747.947    39762.974    39987.951
421  FLU+R2        19957.168    57  40028.336    40043.363    40268.340
422  FLU+R3        19842.326    59  39802.653    39818.817    40051.078
423  FLU+R4        19819.209    61  39760.418    39777.766    40017.264
424  FLU+R5        19806.756    63  39739.512    39758.092    40004.780
425  FLU+R6        19800.653    65  39731.306    39751.167    40004.995
430  FLU+F         20676.713    74  41501.426    41527.668    41813.011
431  FLU+F+I       20547.391    75  41244.783    41271.797    41560.578
432  FLU+F+G4      19606.443    75  39362.887    39389.901    39678.682
433  FLU+F+I+G4    19600.502    76  39353.004    39380.805    39673.010
434  FLU+F+R2      19737.819    76  39627.639    39655.439    39947.644
435  FLU+F+R3      19625.329    78  39406.658    39436.071    39735.085
436  FLU+F+R4      19602.124    80  39364.249    39395.328    39701.097
437  FLU+F+R5      19589.377    82  39342.754    39375.554    39688.024
438  FLU+F+R6      19583.411    84  39334.821    39369.398    39688.512
443  Blosum62      20339.716    55  40789.431    40803.368    41021.014
444  Blosum62+I    20233.262    56  40578.523    40592.999    40814.317
445  Blosum62+G4   19683.984    56  39479.968    39494.445    39715.762
446  Blosum62+I+G4 19676.818    57  39467.636    39482.663    39707.640
447  Blosum62+R2   19717.788    57  39549.577    39564.604    39789.581
448  Blosum62+R3   19660.020    59  39438.040    39454.204    39686.466
449  Blosum62+R4   19656.177    61  39434.354    39451.702    39691.200
456  Blosum62+F    20205.703    74  40559.407    40585.648    40870.991
457  Blosum62+F+I  20099.101    75  40348.201    40375.215    40663.996
458  Blosum62+F+G4 19494.804    75  39139.608    39166.623    39455.403
459  Blosum62+F+I+G4 19488.331    76  39128.662    39156.462    39448.667
460  Blosum62+F+R2 19537.654    76  39227.307    39255.108    39547.313
461  Blosum62+F+R3 19477.207    78  39110.414    39139.826    39438.840
462  Blosum62+F+R4 19471.988    80  39103.975    39135.054    39440.823
469  mtMet         21246.711    55  42603.423    42617.360    42835.006
470  mtMet+I       21100.551    56  42313.102    42327.578    42548.895
471  mtMet+G4      20286.599    56  40685.198    40699.675    40920.992
472  mtMet+I+G4    20277.233    57  40668.465    40683.492    40908.469
473  mtMet+R2      20377.363    57  40868.725    40883.753    41108.730
474  mtMet+R3      20282.796    59  40683.592    40699.756    40932.017
475  mtMet+R4      20265.152    61  40652.305    40669.653    40909.151
476  mtMet+R5      20250.226    63  40626.451    40645.032    40891.719
477  mtMet+R6      20244.509    65  40619.018    40638.879    40892.707
482  mtMet+F       20448.338    74  41044.677    41070.918    41356.261
483  mtMet+F+I     20314.552    75  40779.104    40806.119    41094.899
484  mtMet+F+G4    19501.732    75  39153.463    39180.477    39469.258
485  mtMet+F+I+G4  19493.678    76  39139.356    39167.156    39459.361
486  mtMet+F+R2    19615.565    76  39383.130    39410.930    39703.135
487  mtMet+F+R3    19518.779    78  39193.558    39222.970    39521.984
488  mtMet+F+R4    19500.506    80  39161.011    39192.090    39497.859
489  mtMet+F+R5    19485.804    82  39135.608    39168.408    39480.877
490  mtMet+F+R6    19480.748    84  39129.495    39164.072    39483.186
495  mtVer         21315.037    55  42740.073    42754.010    42971.656
496  mtVer+I       21170.650    56  42453.299    42467.775    42689.093
497  mtVer+G4      20255.282    56  40622.564    40637.040    40858.358
498  mtVer+I+G4    20247.702    57  40609.405    40624.432    40849.409
499  mtVer+R2      20372.187    57  40858.374    40873.401    41098.378
500  mtVer+R3      20272.268    59  40662.535    40678.700    40910.961
501  mtVer+R4      20251.274    61  40624.548    40641.896    40881.394
502  mtVer+R5      20227.887    63  40581.774    40600.355    40847.042
503  mtVer+R6      20219.508    65  40569.017    40588.878    40842.706
504  mtVer+R7      20211.684    67  40557.368    40578.559    40839.478
505  mtVer+R8      20210.745    69  40559.490    40582.060    40850.021
508  mtVer+F       20634.918    74  41417.835    41444.076    41729.420
509  mtVer+F+I     20495.069    75  41140.138    41167.152    41455.933
510  mtVer+F+G4    19597.670    75  39345.340    39372.355    39661.135
511  mtVer+F+I+G4  19590.427    76  39332.854    39360.654    39652.860
512  mtVer+F+R2    19727.987    76  39607.973    39635.774    39927.979
513  mtVer+F+R3    19625.318    78  39406.636    39436.049    39735.063
514  mtVer+F+R4    19605.079    80  39370.158    39401.237    39707.006
515  mtVer+F+R5    19587.455    82  39338.910    39371.710    39684.179
516  mtVer+F+R6    19581.194    84  39330.389    39364.965    39684.079
517  mtVer+F+R7    19573.584    86  39319.168    39355.577    39681.279
518  mtVer+F+R8    19572.649    88  39321.298    39359.596    39691.830
521  mtInv         21393.689    55  42897.378    42911.315    43128.961
522  mtInv+I       21249.049    56  42610.098    42624.574    42845.892
523  mtInv+G4      20509.546    56  41131.092    41145.568    41366.885
524  mtInv+I+G4    20499.905    57  41113.810    41128.837    41353.814
525  mtInv+R2      20586.279    57  41286.557    41301.585    41526.562
526  mtInv+R3      20496.155    59  41110.310    41126.474    41358.735
527  mtInv+R4      20483.358    61  41088.715    41106.064    41345.562
528  mtInv+R5      20471.948    63  41069.897    41088.478    41335.165
529  mtInv+R6      20468.239    65  41066.478    41086.339    41340.167
534  mtInv+F       20363.724    74  40875.448    40901.689    41187.032
535  mtInv+F+I     20233.308    75  40616.616    40643.630    40932.411
536  mtInv+F+G4    19471.401    75  39092.803    39119.817    39408.598
537  mtInv+F+I+G4  19462.634    76  39077.267    39105.068    39397.273
538  mtInv+F+R2    19575.420    76  39302.841    39330.641    39622.846
539  mtInv+F+R3    19484.343    78  39124.685    39154.098    39453.112
540  mtInv+F+R4    19468.316    80  39096.631    39127.710    39433.479
541  mtInv+F+R5    19455.367    82  39074.735    39107.535    39420.004
542  mtInv+F+R6    19450.453    84  39068.906    39103.482    39422.596
Akaike Information Criterion:           JTT+F+R6
Corrected Akaike Information Criterion: JTT+F+R6
Bayesian Information Criterion:         JTTDCMut+F+I+G4
Best-fit model: JTTDCMut+F+I+G4 chosen according to BIC

All model information printed to analyses/combi-VI-VII-Azfisuspects_trees/aligned-mafft-linsi_trim-gt4/combi-VI-VII-Azfisuspects_aligned-mafft-linsi_trim-gt4_iqtree-bb2000-alrt2000.model.gz
CPU time for ModelFinder: 291.756 seconds (0h:4m:51s)
Wall-clock time for ModelFinder: 82.376 seconds (0h:1m:22s)
Generating 2000 samples for ultrafast bootstrap (seed: 905248)...

NOTE: 13 MB RAM (0 GB) is required!
Measuring multi-threading efficiency up to 8 CPU cores
Increase to 10 rounds for branch lengths
50 trees examined
Threads: 1 / Time: 8.007 sec / Speedup: 1.000 / Efficiency: 100% / LogL: -21434
Threads: 2 / Time: 4.323 sec / Speedup: 1.852 / Efficiency: 93% / LogL: -21434
Threads: 3 / Time: 3.051 sec / Speedup: 2.624 / Efficiency: 87% / LogL: -21434
Threads: 4 / Time: 2.640 sec / Speedup: 3.033 / Efficiency: 76% / LogL: -21434
Threads: 5 / Time: 3.157 sec / Speedup: 2.536 / Efficiency: 51% / LogL: -21434
BEST NUMBER OF THREADS: 4

Estimate model parameters (epsilon = 0.100)
Thoroughly optimizing +I+G parameters from 10 start values...
Init pinv, alpha: 0.000, 1.000 / Estimate: 0.000, 0.921 / LogL: -19401.759
Init pinv, alpha: 0.003, 1.000 / Estimate: 0.016, 0.998 / LogL: -19395.108
Init pinv, alpha: 0.006, 1.000 / Estimate: 0.016, 1.000 / LogL: -19395.115
Init pinv, alpha: 0.009, 1.000 / Estimate: 0.016, 1.002 / LogL: -19395.108
Init pinv, alpha: 0.012, 1.000 / Estimate: 0.016, 1.001 / LogL: -19395.114
Init pinv, alpha: 0.015, 1.000 / Estimate: 0.016, 1.003 / LogL: -19395.118
Init pinv, alpha: 0.017, 1.000 / Estimate: 0.017, 1.004 / LogL: -19395.108
Init pinv, alpha: 0.020, 1.000 / Estimate: 0.017, 1.004 / LogL: -19395.105
Init pinv, alpha: 0.023, 1.000 / Estimate: 0.017, 1.004 / LogL: -19395.106
Init pinv, alpha: 0.026, 1.000 / Estimate: 0.017, 1.004 / LogL: -19395.108
Optimal pinv,alpha: 0.017, 1.004 / LogL: -19395.105

Parameters optimization took 0.587 sec
Computing ML distances based on estimated model parameters... 0.210 sec
WARNING: Some pairwise ML distances are too long (saturated)
Computing BIONJ tree...
0.000 seconds
Log-likelihood of BIONJ tree: -19431.535
--------------------------------------------------------------------
|             INITIALIZING CANDIDATE TREE SET                      |
--------------------------------------------------------------------
Generating 98 parsimony trees... 0.457 second
Computing log-likelihood of 98 initial trees ... 1.046 seconds
Current best score: -19390.171

Do NNI search on 20 best initial trees
Estimate model parameters (epsilon = 0.100)
BETTER TREE FOUND at iteration 1: -19368.421
Estimate model parameters (epsilon = 0.100)
BETTER TREE FOUND at iteration 2: -19366.289
Estimate model parameters (epsilon = 0.100)
BETTER TREE FOUND at iteration 5: -19366.125
Iteration 10 / LogL: -19366.310 / Time: 0h:0m:24s
Iteration 20 / LogL: -19369.438 / Time: 0h:0m:26s
Finish initializing candidate tree set (9)
Current best tree score: -19366.125 / CPU time: 4.158
Number of iterations: 20
--------------------------------------------------------------------
|               OPTIMIZING CANDIDATE TREE SET                      |
--------------------------------------------------------------------
Iteration 30 / LogL: -19368.413 / Time: 0h:0m:27s (0h:1m:11s left)
Iteration 40 / LogL: -19366.126 / Time: 0h:0m:29s (0h:0m:48s left)
UPDATE BEST LOG-LIKELIHOOD: -19366.125
UPDATE BEST LOG-LIKELIHOOD: -19366.125
Iteration 50 / LogL: -19366.125 / Time: 0h:0m:31s (0h:0m:34s left)
Log-likelihood cutoff on original alignment: -19402.492
Iteration 60 / LogL: -19366.170 / Time: 0h:0m:32s (0h:0m:25s left)
UPDATE BEST LOG-LIKELIHOOD: -19366.125
Iteration 70 / LogL: -19366.125 / Time: 0h:0m:34s (0h:0m:17s left)
Iteration 80 / LogL: -19366.170 / Time: 0h:0m:36s (0h:0m:11s left)
Iteration 90 / LogL: -19366.125 / Time: 0h:0m:38s (0h:0m:6s left)
Iteration 100 / LogL: -19366.170 / Time: 0h:0m:40s (0h:0m:2s left)
Log-likelihood cutoff on original alignment: -19402.492
NOTE: Bootstrap correlation coefficient of split occurrence frequencies: 0.999
TREE SEARCH COMPLETED AFTER 106 ITERATIONS / Time: 0h:0m:41s

--------------------------------------------------------------------
|                    FINALIZING TREE SEARCH                        |
--------------------------------------------------------------------
Performs final model parameters optimization
Estimate model parameters (epsilon = 0.010)
1. Initial log-likelihood: -19366.125
Optimal log-likelihood: -19366.125
Proportion of invariable sites: 0.016
Gamma shape alpha: 0.988
Parameters optimization took 1 rounds (0.017 sec)
BEST SCORE FOUND : -19366.125

Testing tree branches by SH-like aLRT with 2000 replicates...
0.120 sec.
Creating bootstrap support values...
Split supports printed to NEXUS file analyses/combi-VI-VII-Azfisuspects_trees/aligned-mafft-linsi_trim-gt4/combi-VI-VII-Azfisuspects_aligned-mafft-linsi_trim-gt4_iqtree-bb2000-alrt2000.splits.nex
Total tree length: 35.581

Total number of iterations: 106
CPU time used for tree search: 73.473 sec (0h:1m:13s)
Wall-clock time used for tree search: 19.450 sec (0h:0m:19s)
Total CPU time used: 128.432 sec (0h:2m:8s)
Total wall-clock time used: 41.610 sec (0h:0m:41s)

Computing bootstrap consensus tree...
Reading input file analyses/combi-VI-VII-Azfisuspects_trees/aligned-mafft-linsi_trim-gt4/combi-VI-VII-Azfisuspects_aligned-mafft-linsi_trim-gt4_iqtree-bb2000-alrt2000.splits.nex...
29 taxa and 224 splits.
Consensus tree written to analyses/combi-VI-VII-Azfisuspects_trees/aligned-mafft-linsi_trim-gt4/combi-VI-VII-Azfisuspects_aligned-mafft-linsi_trim-gt4_iqtree-bb2000-alrt2000.contree
Reading input trees file analyses/combi-VI-VII-Azfisuspects_trees/aligned-mafft-linsi_trim-gt4/combi-VI-VII-Azfisuspects_aligned-mafft-linsi_trim-gt4_iqtree-bb2000-alrt2000.contree
Log-likelihood of consensus tree: -19366.170

Analysis results written to: 
  IQ-TREE report:                analyses/combi-VI-VII-Azfisuspects_trees/aligned-mafft-linsi_trim-gt4/combi-VI-VII-Azfisuspects_aligned-mafft-linsi_trim-gt4_iqtree-bb2000-alrt2000.iqtree
  Maximum-likelihood tree:       analyses/combi-VI-VII-Azfisuspects_trees/aligned-mafft-linsi_trim-gt4/combi-VI-VII-Azfisuspects_aligned-mafft-linsi_trim-gt4_iqtree-bb2000-alrt2000.treefile
  Likelihood distances:          analyses/combi-VI-VII-Azfisuspects_trees/aligned-mafft-linsi_trim-gt4/combi-VI-VII-Azfisuspects_aligned-mafft-linsi_trim-gt4_iqtree-bb2000-alrt2000.mldist

Ultrafast bootstrap approximation results written to:
  Split support values:          analyses/combi-VI-VII-Azfisuspects_trees/aligned-mafft-linsi_trim-gt4/combi-VI-VII-Azfisuspects_aligned-mafft-linsi_trim-gt4_iqtree-bb2000-alrt2000.splits.nex
  Consensus tree:                analyses/combi-VI-VII-Azfisuspects_trees/aligned-mafft-linsi_trim-gt4/combi-VI-VII-Azfisuspects_aligned-mafft-linsi_trim-gt4_iqtree-bb2000-alrt2000.contree
  Screen log file:               analyses/combi-VI-VII-Azfisuspects_trees/aligned-mafft-linsi_trim-gt4/combi-VI-VII-Azfisuspects_aligned-mafft-linsi_trim-gt4_iqtree-bb2000-alrt2000.log

Date and Time: Mon Aug  3 16:10:21 2020
